{
  "numFailedTestSuites": 11,
  "numFailedTests": 23,
  "numPassedTestSuites": 3,
  "numPassedTests": 16,
  "numPendingTestSuites": 0,
  "numPendingTests": 0,
  "numRuntimeErrorTestSuites": 1,
  "numTodoTests": 0,
  "numTotalTestSuites": 14,
  "numTotalTests": 39,
  "openHandles": [],
  "snapshot": {
    "added": 0,
    "didUpdate": false,
    "failure": false,
    "filesAdded": 0,
    "filesRemoved": 0,
    "filesRemovedList": [],
    "filesUnmatched": 0,
    "filesUpdated": 0,
    "matched": 0,
    "total": 0,
    "unchecked": 0,
    "uncheckedKeysByFile": [],
    "unmatched": 0,
    "updated": 0
  },
  "startTime": 1752428712148,
  "success": false,
  "testResults": [
    {
      "leaks": false,
      "numFailingTests": 1,
      "numPassingTests": 3,
      "numPendingTests": 0,
      "numTodoTests": 0,
      "openHandles": [],
      "perfStats": {
        "end": 1752428713447,
        "runtime": 897,
        "slow": false,
        "start": 1752428712550
      },
      "skipped": false,
      "snapshot": {
        "added": 0,
        "fileDeleted": false,
        "matched": 0,
        "unchecked": 0,
        "uncheckedKeys": [],
        "unmatched": 0,
        "updated": 0
      },
      "testFilePath": "/Users/la/Desktop/CleanCity/Unit Tests/register.test.js",
      "testResults": [
        {
          "ancestorTitles": [
            "register"
          ],
          "duration": 7,
          "failureDetails": [],
          "failureMessages": [],
          "fullName": "register should register a new user successfully",
          "invocations": 1,
          "location": null,
          "numPassingAsserts": 0,
          "status": "passed",
          "title": "should register a new user successfully"
        },
        {
          "ancestorTitles": [
            "register"
          ],
          "duration": 2,
          "failureDetails": [],
          "failureMessages": [],
          "fullName": "register should not register if email already exists",
          "invocations": 1,
          "location": null,
          "numPassingAsserts": 0,
          "status": "passed",
          "title": "should not register if email already exists"
        },
        {
          "ancestorTitles": [
            "register"
          ],
          "duration": 17,
          "failureDetails": [],
          "failureMessages": [],
          "fullName": "register should show error if user creation fails",
          "invocations": 1,
          "location": null,
          "numPassingAsserts": 0,
          "status": "passed",
          "title": "should show error if user creation fails"
        },
        {
          "ancestorTitles": [
            "register"
          ],
          "duration": 6,
          "failureDetails": [
            {
              "matcherResult": {
                "actual": true,
                "expected": false,
                "message": "\u001b[2mexpect(\u001b[22m\u001b[31mreceived\u001b[39m\u001b[2m).\u001b[22mtoBe\u001b[2m(\u001b[22m\u001b[32mexpected\u001b[39m\u001b[2m) // Object.is equality\u001b[22m\n\nExpected: \u001b[32mfalse\u001b[39m\nReceived: \u001b[31mtrue\u001b[39m",
                "name": "toBe",
                "pass": false
              }
            }
          ],
          "failureMessages": [
            "Error: \u001b[2mexpect(\u001b[22m\u001b[31mreceived\u001b[39m\u001b[2m).\u001b[22mtoBe\u001b[2m(\u001b[22m\u001b[32mexpected\u001b[39m\u001b[2m) // Object.is equality\u001b[22m\n\nExpected: \u001b[32mfalse\u001b[39m\nReceived: \u001b[31mtrue\u001b[39m\n    at Object.<anonymous> (/Users/la/Desktop/CleanCity/Unit Tests/register.test.js:90:24)\n    at Promise.then.completed (/Users/la/Desktop/CleanCity/node_modules/jest-circus/build/utils.js:391:28)\n    at new Promise (<anonymous>)\n    at callAsyncCircusFn (/Users/la/Desktop/CleanCity/node_modules/jest-circus/build/utils.js:316:10)\n    at _callCircusTest (/Users/la/Desktop/CleanCity/node_modules/jest-circus/build/run.js:218:40)\n    at processTicksAndRejections (node:internal/process/task_queues:105:5)\n    at _runTest (/Users/la/Desktop/CleanCity/node_modules/jest-circus/build/run.js:155:3)\n    at _runTestsForDescribeBlock (/Users/la/Desktop/CleanCity/node_modules/jest-circus/build/run.js:66:9)\n    at _runTestsForDescribeBlock (/Users/la/Desktop/CleanCity/node_modules/jest-circus/build/run.js:60:9)\n    at run (/Users/la/Desktop/CleanCity/node_modules/jest-circus/build/run.js:25:3)"
          ],
          "fullName": "register should handle empty user data",
          "invocations": 1,
          "location": null,
          "numPassingAsserts": 0,
          "status": "failed",
          "title": "should handle empty user data"
        }
      ],
      "failureMessage": "\u001b[1m\u001b[31m  \u001b[1m● \u001b[22m\u001b[1mregister › should handle empty user data\u001b[39m\u001b[22m\n\n    \u001b[2mexpect(\u001b[22m\u001b[31mreceived\u001b[39m\u001b[2m).\u001b[22mtoBe\u001b[2m(\u001b[22m\u001b[32mexpected\u001b[39m\u001b[2m) // Object.is equality\u001b[22m\n\n    Expected: \u001b[32mfalse\u001b[39m\n    Received: \u001b[31mtrue\u001b[39m\n\u001b[2m\u001b[22m\n\u001b[2m    \u001b[0m \u001b[90m 88 |\u001b[39m         \u001b[36mconst\u001b[39m result \u001b[33m=\u001b[39m register(userData\u001b[33m,\u001b[39m mockDataService\u001b[33m,\u001b[39m mockShowMessage)\u001b[33m;\u001b[39m\u001b[22m\n\u001b[2m     \u001b[90m 89 |\u001b[39m     \u001b[22m\n\u001b[2m    \u001b[31m\u001b[1m>\u001b[22m\u001b[2m\u001b[39m\u001b[90m 90 |\u001b[39m         expect(result)\u001b[33m.\u001b[39mtoBe(\u001b[36mfalse\u001b[39m)\u001b[33m;\u001b[39m\u001b[22m\n\u001b[2m     \u001b[90m    |\u001b[39m                        \u001b[31m\u001b[1m^\u001b[22m\u001b[2m\u001b[39m\u001b[22m\n\u001b[2m     \u001b[90m 91 |\u001b[39m         expect(mockShowMessage)\u001b[33m.\u001b[39mtoHaveBeenCalledWith(\u001b[32m'register-error'\u001b[39m\u001b[33m,\u001b[39m expect\u001b[33m.\u001b[39mstringContaining(\u001b[32m'Please fill in all the fields'\u001b[39m))\u001b[33m;\u001b[39m\u001b[22m\n\u001b[2m     \u001b[90m 92 |\u001b[39m     })\u001b[33m;\u001b[39m\u001b[22m\n\u001b[2m     \u001b[90m 93 |\u001b[39m })\u001b[33m;\u001b[39m\u001b[0m\u001b[22m\n\u001b[2m\u001b[22m\n\u001b[2m      \u001b[2mat Object.<anonymous> (\u001b[22m\u001b[2m\u001b[0m\u001b[36mUnit Tests/register.test.js\u001b[39m\u001b[0m\u001b[2m:90:24)\u001b[22m\u001b[2m\u001b[22m\n"
    },
    {
      "failureMessage": "  \u001b[1m● \u001b[22mTest suite failed to run\n\n    ReferenceError: localStorage is not defined\n\n    \u001b[0m \u001b[90m  7 |\u001b[39m \u001b[90m// Initialize with sample data if no data exists\u001b[39m\n     \u001b[90m  8 |\u001b[39m \u001b[36mconst\u001b[39m initializeData \u001b[33m=\u001b[39m () \u001b[33m=>\u001b[39m {\n    \u001b[31m\u001b[1m>\u001b[22m\u001b[39m\u001b[90m  9 |\u001b[39m   \u001b[36mif\u001b[39m (\u001b[33m!\u001b[39mlocalStorage\u001b[33m.\u001b[39mgetItem(\u001b[33mSTORAGE_KEYS\u001b[39m\u001b[33m.\u001b[39m\u001b[33mPICKUP_REQUESTS\u001b[39m)) {\n     \u001b[90m    |\u001b[39m   \u001b[31m\u001b[1m^\u001b[22m\u001b[39m\n     \u001b[90m 10 |\u001b[39m     \u001b[36mconst\u001b[39m sampleRequests \u001b[33m=\u001b[39m [\n     \u001b[90m 11 |\u001b[39m       {\n     \u001b[90m 12 |\u001b[39m         id\u001b[33m:\u001b[39m \u001b[32m'REQ001'\u001b[39m\u001b[33m,\u001b[39m\u001b[0m\n\n      \u001b[2mat initializeData (\u001b[22mUnit Tests/initializeData.js\u001b[2m:9:3)\u001b[22m\n      \u001b[2mat Object.<anonymous> (\u001b[22mUnit Tests/initializeData.js\u001b[2m:83:1)\u001b[22m\n      \u001b[2mat Object.<anonymous> (\u001b[22m\u001b[0m\u001b[36mUnit Tests/initializeData.test.js\u001b[39m\u001b[0m\u001b[2m:1:42)\u001b[22m\n",
      "leaks": false,
      "numFailingTests": 0,
      "numPassingTests": 0,
      "numPendingTests": 0,
      "numTodoTests": 0,
      "openHandles": [],
      "perfStats": {
        "end": 0,
        "runtime": 0,
        "slow": false,
        "start": 0
      },
      "skipped": false,
      "snapshot": {
        "added": 0,
        "fileDeleted": false,
        "matched": 0,
        "unchecked": 0,
        "uncheckedKeys": [],
        "unmatched": 0,
        "updated": 0
      },
      "testExecError": {},
      "testFilePath": "/Users/la/Desktop/CleanCity/Unit Tests/initializeData.test.js",
      "testResults": []
    },
    {
      "leaks": false,
      "numFailingTests": 2,
      "numPassingTests": 0,
      "numPendingTests": 0,
      "numTodoTests": 0,
      "openHandles": [],
      "perfStats": {
        "end": 1752428714258,
        "runtime": 291,
        "slow": false,
        "start": 1752428713967
      },
      "skipped": false,
      "snapshot": {
        "added": 0,
        "fileDeleted": false,
        "matched": 0,
        "unchecked": 0,
        "uncheckedKeys": [],
        "unmatched": 0,
        "updated": 0
      },
      "testFilePath": "/Users/la/Desktop/CleanCity/Unit Tests/addPickupRequest.test.js",
      "testResults": [
        {
          "ancestorTitles": [
            "addPickupRequest"
          ],
          "duration": 0,
          "failureDetails": [
            {}
          ],
          "failureMessages": [
            "ReferenceError: localStorage is not defined\n    at Object.<anonymous> (/Users/la/Desktop/CleanCity/Unit Tests/addPickupRequest.test.js:5:5)\n    at Promise.then.completed (/Users/la/Desktop/CleanCity/node_modules/jest-circus/build/utils.js:391:28)\n    at new Promise (<anonymous>)\n    at callAsyncCircusFn (/Users/la/Desktop/CleanCity/node_modules/jest-circus/build/utils.js:316:10)\n    at _callCircusHook (/Users/la/Desktop/CleanCity/node_modules/jest-circus/build/run.js:181:40)\n    at _runTest (/Users/la/Desktop/CleanCity/node_modules/jest-circus/build/run.js:148:5)\n    at _runTestsForDescribeBlock (/Users/la/Desktop/CleanCity/node_modules/jest-circus/build/run.js:66:9)\n    at _runTestsForDescribeBlock (/Users/la/Desktop/CleanCity/node_modules/jest-circus/build/run.js:60:9)\n    at run (/Users/la/Desktop/CleanCity/node_modules/jest-circus/build/run.js:25:3)\n    at runAndTransformResultsToJestFormat (/Users/la/Desktop/CleanCity/node_modules/jest-circus/build/legacy-code-todo-rewrite/jestAdapterInit.js:170:21)"
          ],
          "fullName": "addPickupRequest should add a new pickup request with all fields",
          "invocations": 1,
          "location": null,
          "numPassingAsserts": 0,
          "status": "failed",
          "title": "should add a new pickup request with all fields"
        },
        {
          "ancestorTitles": [
            "addPickupRequest"
          ],
          "duration": 0,
          "failureDetails": [
            {}
          ],
          "failureMessages": [
            "ReferenceError: localStorage is not defined\n    at Object.<anonymous> (/Users/la/Desktop/CleanCity/Unit Tests/addPickupRequest.test.js:5:5)\n    at Promise.then.completed (/Users/la/Desktop/CleanCity/node_modules/jest-circus/build/utils.js:391:28)\n    at new Promise (<anonymous>)\n    at callAsyncCircusFn (/Users/la/Desktop/CleanCity/node_modules/jest-circus/build/utils.js:316:10)\n    at _callCircusHook (/Users/la/Desktop/CleanCity/node_modules/jest-circus/build/run.js:181:40)\n    at _runTest (/Users/la/Desktop/CleanCity/node_modules/jest-circus/build/run.js:148:5)\n    at _runTestsForDescribeBlock (/Users/la/Desktop/CleanCity/node_modules/jest-circus/build/run.js:66:9)\n    at _runTestsForDescribeBlock (/Users/la/Desktop/CleanCity/node_modules/jest-circus/build/run.js:60:9)\n    at run (/Users/la/Desktop/CleanCity/node_modules/jest-circus/build/run.js:25:3)\n    at runAndTransformResultsToJestFormat (/Users/la/Desktop/CleanCity/node_modules/jest-circus/build/legacy-code-todo-rewrite/jestAdapterInit.js:170:21)"
          ],
          "fullName": "addPickupRequest should store the request in localStorage",
          "invocations": 1,
          "location": null,
          "numPassingAsserts": 0,
          "status": "failed",
          "title": "should store the request in localStorage"
        }
      ],
      "failureMessage": "\u001b[1m\u001b[31m  \u001b[1m● \u001b[22m\u001b[1maddPickupRequest › should add a new pickup request with all fields\u001b[39m\u001b[22m\n\n    ReferenceError: localStorage is not defined\n\u001b[2m\u001b[22m\n\u001b[2m    \u001b[0m \u001b[90m 3 |\u001b[39m describe(\u001b[32m'addPickupRequest'\u001b[39m\u001b[33m,\u001b[39m () \u001b[33m=>\u001b[39m {\u001b[22m\n\u001b[2m     \u001b[90m 4 |\u001b[39m  beforeEach(() \u001b[33m=>\u001b[39m {\u001b[22m\n\u001b[2m    \u001b[31m\u001b[1m>\u001b[22m\u001b[2m\u001b[39m\u001b[90m 5 |\u001b[39m     localStorage\u001b[33m.\u001b[39mclear()\u001b[33m;\u001b[39m\u001b[22m\n\u001b[2m     \u001b[90m   |\u001b[39m     \u001b[31m\u001b[1m^\u001b[22m\u001b[2m\u001b[39m\u001b[22m\n\u001b[2m     \u001b[90m 6 |\u001b[39m     \u001b[22m\n\u001b[2m     \u001b[90m 7 |\u001b[39m dataService\u001b[33m.\u001b[39mgetAllPickupRequests \u001b[33m=\u001b[39m () \u001b[33m=>\u001b[39m {\u001b[22m\n\u001b[2m     \u001b[90m 8 |\u001b[39m         \u001b[36mconst\u001b[39m data \u001b[33m=\u001b[39m localStorage\u001b[33m.\u001b[39mgetItem(\u001b[33mSTORAGE_KEYS\u001b[39m\u001b[33m.\u001b[39m\u001b[33mPICKUP_REQUESTS\u001b[39m)\u001b[33m;\u001b[39m\u001b[0m\u001b[22m\n\u001b[2m\u001b[22m\n\u001b[2m      \u001b[2mat Object.<anonymous> (\u001b[22m\u001b[2m\u001b[0m\u001b[36mUnit Tests/addPickupRequest.test.js\u001b[39m\u001b[0m\u001b[2m:5:5)\u001b[22m\u001b[2m\u001b[22m\n\n\u001b[1m\u001b[31m  \u001b[1m● \u001b[22m\u001b[1maddPickupRequest › should store the request in localStorage\u001b[39m\u001b[22m\n\n    ReferenceError: localStorage is not defined\n\u001b[2m\u001b[22m\n\u001b[2m    \u001b[0m \u001b[90m 3 |\u001b[39m describe(\u001b[32m'addPickupRequest'\u001b[39m\u001b[33m,\u001b[39m () \u001b[33m=>\u001b[39m {\u001b[22m\n\u001b[2m     \u001b[90m 4 |\u001b[39m  beforeEach(() \u001b[33m=>\u001b[39m {\u001b[22m\n\u001b[2m    \u001b[31m\u001b[1m>\u001b[22m\u001b[2m\u001b[39m\u001b[90m 5 |\u001b[39m     localStorage\u001b[33m.\u001b[39mclear()\u001b[33m;\u001b[39m\u001b[22m\n\u001b[2m     \u001b[90m   |\u001b[39m     \u001b[31m\u001b[1m^\u001b[22m\u001b[2m\u001b[39m\u001b[22m\n\u001b[2m     \u001b[90m 6 |\u001b[39m     \u001b[22m\n\u001b[2m     \u001b[90m 7 |\u001b[39m dataService\u001b[33m.\u001b[39mgetAllPickupRequests \u001b[33m=\u001b[39m () \u001b[33m=>\u001b[39m {\u001b[22m\n\u001b[2m     \u001b[90m 8 |\u001b[39m         \u001b[36mconst\u001b[39m data \u001b[33m=\u001b[39m localStorage\u001b[33m.\u001b[39mgetItem(\u001b[33mSTORAGE_KEYS\u001b[39m\u001b[33m.\u001b[39m\u001b[33mPICKUP_REQUESTS\u001b[39m)\u001b[33m;\u001b[39m\u001b[0m\u001b[22m\n\u001b[2m\u001b[22m\n\u001b[2m      \u001b[2mat Object.<anonymous> (\u001b[22m\u001b[2m\u001b[0m\u001b[36mUnit Tests/addPickupRequest.test.js\u001b[39m\u001b[0m\u001b[2m:5:5)\u001b[22m\u001b[2m\u001b[22m\n"
    },
    {
      "leaks": false,
      "numFailingTests": 1,
      "numPassingTests": 2,
      "numPendingTests": 0,
      "numTodoTests": 0,
      "openHandles": [],
      "perfStats": {
        "end": 1752428714517,
        "runtime": 135,
        "slow": false,
        "start": 1752428714382
      },
      "skipped": false,
      "snapshot": {
        "added": 0,
        "fileDeleted": false,
        "matched": 0,
        "unchecked": 0,
        "uncheckedKeys": [],
        "unmatched": 0,
        "updated": 0
      },
      "testFilePath": "/Users/la/Desktop/CleanCity/Unit Tests/filterRequestsByLocation.test.js",
      "testResults": [
        {
          "ancestorTitles": [
            "filterRequestsByLocation"
          ],
          "duration": 6,
          "failureDetails": [
            {
              "matcherResult": {
                "actual": [],
                "expected": [
                  {
                    "id": "REQ001",
                    "location": "Nairobi"
                  },
                  {
                    "id": "REQ002",
                    "location": "Kisumu"
                  },
                  {
                    "id": "REQ003",
                    "location": "Mombasa"
                  },
                  {
                    "id": "REQ004",
                    "location": "Eldoret"
                  }
                ],
                "message": "\u001b[2mexpect(\u001b[22m\u001b[31mreceived\u001b[39m\u001b[2m).\u001b[22mtoEqual\u001b[2m(\u001b[22m\u001b[32mexpected\u001b[39m\u001b[2m) // deep equality\u001b[22m\n\n\u001b[32m- Expected  - 18\u001b[39m\n\u001b[31m+ Received  +  1\u001b[39m\n\n\u001b[32m- Array [\u001b[39m\n\u001b[32m-   Object {\u001b[39m\n\u001b[32m-     \"id\": \"REQ001\",\u001b[39m\n\u001b[32m-     \"location\": \"Nairobi\",\u001b[39m\n\u001b[32m-   },\u001b[39m\n\u001b[32m-   Object {\u001b[39m\n\u001b[32m-     \"id\": \"REQ002\",\u001b[39m\n\u001b[32m-     \"location\": \"Kisumu\",\u001b[39m\n\u001b[32m-   },\u001b[39m\n\u001b[32m-   Object {\u001b[39m\n\u001b[32m-     \"id\": \"REQ003\",\u001b[39m\n\u001b[32m-     \"location\": \"Mombasa\",\u001b[39m\n\u001b[32m-   },\u001b[39m\n\u001b[32m-   Object {\u001b[39m\n\u001b[32m-     \"id\": \"REQ004\",\u001b[39m\n\u001b[32m-     \"location\": \"Eldoret\",\u001b[39m\n\u001b[32m-   },\u001b[39m\n\u001b[32m- ]\u001b[39m\n\u001b[31m+ Array []\u001b[39m",
                "name": "toEqual",
                "pass": false
              }
            }
          ],
          "failureMessages": [
            "Error: \u001b[2mexpect(\u001b[22m\u001b[31mreceived\u001b[39m\u001b[2m).\u001b[22mtoEqual\u001b[2m(\u001b[22m\u001b[32mexpected\u001b[39m\u001b[2m) // deep equality\u001b[22m\n\n\u001b[32m- Expected  - 18\u001b[39m\n\u001b[31m+ Received  +  1\u001b[39m\n\n\u001b[32m- Array [\u001b[39m\n\u001b[32m-   Object {\u001b[39m\n\u001b[32m-     \"id\": \"REQ001\",\u001b[39m\n\u001b[32m-     \"location\": \"Nairobi\",\u001b[39m\n\u001b[32m-   },\u001b[39m\n\u001b[32m-   Object {\u001b[39m\n\u001b[32m-     \"id\": \"REQ002\",\u001b[39m\n\u001b[32m-     \"location\": \"Kisumu\",\u001b[39m\n\u001b[32m-   },\u001b[39m\n\u001b[32m-   Object {\u001b[39m\n\u001b[32m-     \"id\": \"REQ003\",\u001b[39m\n\u001b[32m-     \"location\": \"Mombasa\",\u001b[39m\n\u001b[32m-   },\u001b[39m\n\u001b[32m-   Object {\u001b[39m\n\u001b[32m-     \"id\": \"REQ004\",\u001b[39m\n\u001b[32m-     \"location\": \"Eldoret\",\u001b[39m\n\u001b[32m-   },\u001b[39m\n\u001b[32m- ]\u001b[39m\n\u001b[31m+ Array []\u001b[39m\n    at Object.<anonymous> (/Users/la/Desktop/CleanCity/Unit Tests/filterRequestsByLocation.test.js:20:24)\n    at Promise.then.completed (/Users/la/Desktop/CleanCity/node_modules/jest-circus/build/utils.js:391:28)\n    at new Promise (<anonymous>)\n    at callAsyncCircusFn (/Users/la/Desktop/CleanCity/node_modules/jest-circus/build/utils.js:316:10)\n    at _callCircusTest (/Users/la/Desktop/CleanCity/node_modules/jest-circus/build/run.js:218:40)\n    at _runTest (/Users/la/Desktop/CleanCity/node_modules/jest-circus/build/run.js:155:3)\n    at _runTestsForDescribeBlock (/Users/la/Desktop/CleanCity/node_modules/jest-circus/build/run.js:66:9)\n    at _runTestsForDescribeBlock (/Users/la/Desktop/CleanCity/node_modules/jest-circus/build/run.js:60:9)\n    at run (/Users/la/Desktop/CleanCity/node_modules/jest-circus/build/run.js:25:3)\n    at runAndTransformResultsToJestFormat (/Users/la/Desktop/CleanCity/node_modules/jest-circus/build/legacy-code-todo-rewrite/jestAdapterInit.js:170:21)"
          ],
          "fullName": "filterRequestsByLocation should return all requests when no location is specified",
          "invocations": 1,
          "location": null,
          "numPassingAsserts": 0,
          "status": "failed",
          "title": "should return all requests when no location is specified"
        },
        {
          "ancestorTitles": [
            "filterRequestsByLocation"
          ],
          "duration": 1,
          "failureDetails": [],
          "failureMessages": [],
          "fullName": "filterRequestsByLocation should return requests for the specified location",
          "invocations": 1,
          "location": null,
          "numPassingAsserts": 0,
          "status": "passed",
          "title": "should return requests for the specified location"
        },
        {
          "ancestorTitles": [
            "filterRequestsByLocation"
          ],
          "duration": 0,
          "failureDetails": [],
          "failureMessages": [],
          "fullName": "filterRequestsByLocation should show the bug where Eldoret requests are incorrectly returned as Nairobi",
          "invocations": 1,
          "location": null,
          "numPassingAsserts": 0,
          "status": "passed",
          "title": "should show the bug where Eldoret requests are incorrectly returned as Nairobi"
        }
      ],
      "failureMessage": "\u001b[1m\u001b[31m  \u001b[1m● \u001b[22m\u001b[1mfilterRequestsByLocation › should return all requests when no location is specified\u001b[39m\u001b[22m\n\n    \u001b[2mexpect(\u001b[22m\u001b[31mreceived\u001b[39m\u001b[2m).\u001b[22mtoEqual\u001b[2m(\u001b[22m\u001b[32mexpected\u001b[39m\u001b[2m) // deep equality\u001b[22m\n\n    \u001b[32m- Expected  - 18\u001b[39m\n    \u001b[31m+ Received  +  1\u001b[39m\n\n    \u001b[32m- Array [\u001b[39m\n    \u001b[32m-   Object {\u001b[39m\n    \u001b[32m-     \"id\": \"REQ001\",\u001b[39m\n    \u001b[32m-     \"location\": \"Nairobi\",\u001b[39m\n    \u001b[32m-   },\u001b[39m\n    \u001b[32m-   Object {\u001b[39m\n    \u001b[32m-     \"id\": \"REQ002\",\u001b[39m\n    \u001b[32m-     \"location\": \"Kisumu\",\u001b[39m\n    \u001b[32m-   },\u001b[39m\n    \u001b[32m-   Object {\u001b[39m\n    \u001b[32m-     \"id\": \"REQ003\",\u001b[39m\n    \u001b[32m-     \"location\": \"Mombasa\",\u001b[39m\n    \u001b[32m-   },\u001b[39m\n    \u001b[32m-   Object {\u001b[39m\n    \u001b[32m-     \"id\": \"REQ004\",\u001b[39m\n    \u001b[32m-     \"location\": \"Eldoret\",\u001b[39m\n    \u001b[32m-   },\u001b[39m\n    \u001b[32m- ]\u001b[39m\n    \u001b[31m+ Array []\u001b[39m\n\u001b[2m\u001b[22m\n\u001b[2m    \u001b[0m \u001b[90m 18 |\u001b[39m     test(\u001b[32m'should return all requests when no location is specified'\u001b[39m\u001b[33m,\u001b[39m () \u001b[33m=>\u001b[39m {\u001b[22m\n\u001b[2m     \u001b[90m 19 |\u001b[39m         \u001b[36mconst\u001b[39m result \u001b[33m=\u001b[39m dataService\u001b[33m.\u001b[39mfilterRequestsByLocation()\u001b[33m;\u001b[39m\u001b[22m\n\u001b[2m    \u001b[31m\u001b[1m>\u001b[22m\u001b[2m\u001b[39m\u001b[90m 20 |\u001b[39m         expect(result)\u001b[33m.\u001b[39mtoEqual(mockRequests)\u001b[33m;\u001b[39m\u001b[22m\n\u001b[2m     \u001b[90m    |\u001b[39m                        \u001b[31m\u001b[1m^\u001b[22m\u001b[2m\u001b[39m\u001b[22m\n\u001b[2m     \u001b[90m 21 |\u001b[39m     })\u001b[33m;\u001b[39m\u001b[22m\n\u001b[2m     \u001b[90m 22 |\u001b[39m\u001b[22m\n\u001b[2m     \u001b[90m 23 |\u001b[39m     test(\u001b[32m'should return requests for the specified location'\u001b[39m\u001b[33m,\u001b[39m () \u001b[33m=>\u001b[39m {\u001b[0m\u001b[22m\n\u001b[2m\u001b[22m\n\u001b[2m      \u001b[2mat Object.<anonymous> (\u001b[22m\u001b[2m\u001b[0m\u001b[36mUnit Tests/filterRequestsByLocation.test.js\u001b[39m\u001b[0m\u001b[2m:20:24)\u001b[22m\u001b[2m\u001b[22m\n"
    },
    {
      "leaks": false,
      "numFailingTests": 3,
      "numPassingTests": 0,
      "numPendingTests": 0,
      "numTodoTests": 0,
      "openHandles": [],
      "perfStats": {
        "end": 1752428715113,
        "runtime": 282,
        "slow": false,
        "start": 1752428714831
      },
      "skipped": false,
      "snapshot": {
        "added": 0,
        "fileDeleted": false,
        "matched": 0,
        "unchecked": 0,
        "uncheckedKeys": [],
        "unmatched": 0,
        "updated": 0
      },
      "testFilePath": "/Users/la/Desktop/CleanCity/Unit Tests/setupAdminControls.test.js",
      "testResults": [
        {
          "ancestorTitles": [
            "setupAdminControls"
          ],
          "duration": 2,
          "failureDetails": [
            {}
          ],
          "failureMessages": [
            "ReferenceError: document is not defined\n    at Object.<anonymous> (/Users/la/Desktop/CleanCity/Unit Tests/setupAdminControls.test.js:19:9)\n    at Promise.then.completed (/Users/la/Desktop/CleanCity/node_modules/jest-circus/build/utils.js:391:28)\n    at new Promise (<anonymous>)\n    at callAsyncCircusFn (/Users/la/Desktop/CleanCity/node_modules/jest-circus/build/utils.js:316:10)\n    at _callCircusHook (/Users/la/Desktop/CleanCity/node_modules/jest-circus/build/run.js:181:40)\n    at _runTest (/Users/la/Desktop/CleanCity/node_modules/jest-circus/build/run.js:148:5)\n    at _runTestsForDescribeBlock (/Users/la/Desktop/CleanCity/node_modules/jest-circus/build/run.js:66:9)\n    at _runTestsForDescribeBlock (/Users/la/Desktop/CleanCity/node_modules/jest-circus/build/run.js:60:9)\n    at run (/Users/la/Desktop/CleanCity/node_modules/jest-circus/build/run.js:25:3)\n    at runAndTransformResultsToJestFormat (/Users/la/Desktop/CleanCity/node_modules/jest-circus/build/legacy-code-todo-rewrite/jestAdapterInit.js:170:21)"
          ],
          "fullName": "setupAdminControls should populate request select with options",
          "invocations": 1,
          "location": null,
          "numPassingAsserts": 0,
          "status": "failed",
          "title": "should populate request select with options"
        },
        {
          "ancestorTitles": [
            "setupAdminControls"
          ],
          "duration": 0,
          "failureDetails": [
            {}
          ],
          "failureMessages": [
            "ReferenceError: document is not defined\n    at Object.<anonymous> (/Users/la/Desktop/CleanCity/Unit Tests/setupAdminControls.test.js:19:9)\n    at Promise.then.completed (/Users/la/Desktop/CleanCity/node_modules/jest-circus/build/utils.js:391:28)\n    at new Promise (<anonymous>)\n    at callAsyncCircusFn (/Users/la/Desktop/CleanCity/node_modules/jest-circus/build/utils.js:316:10)\n    at _callCircusHook (/Users/la/Desktop/CleanCity/node_modules/jest-circus/build/run.js:181:40)\n    at _runTest (/Users/la/Desktop/CleanCity/node_modules/jest-circus/build/run.js:148:5)\n    at _runTestsForDescribeBlock (/Users/la/Desktop/CleanCity/node_modules/jest-circus/build/run.js:66:9)\n    at _runTestsForDescribeBlock (/Users/la/Desktop/CleanCity/node_modules/jest-circus/build/run.js:60:9)\n    at run (/Users/la/Desktop/CleanCity/node_modules/jest-circus/build/run.js:25:3)\n    at runAndTransformResultsToJestFormat (/Users/la/Desktop/CleanCity/node_modules/jest-circus/build/legacy-code-todo-rewrite/jestAdapterInit.js:170:21)"
          ],
          "fullName": "setupAdminControls should enable update button when both selects have values",
          "invocations": 1,
          "location": null,
          "numPassingAsserts": 0,
          "status": "failed",
          "title": "should enable update button when both selects have values"
        },
        {
          "ancestorTitles": [
            "setupAdminControls"
          ],
          "duration": 0,
          "failureDetails": [
            {}
          ],
          "failureMessages": [
            "ReferenceError: document is not defined\n    at Object.<anonymous> (/Users/la/Desktop/CleanCity/Unit Tests/setupAdminControls.test.js:19:9)\n    at Promise.then.completed (/Users/la/Desktop/CleanCity/node_modules/jest-circus/build/utils.js:391:28)\n    at new Promise (<anonymous>)\n    at callAsyncCircusFn (/Users/la/Desktop/CleanCity/node_modules/jest-circus/build/utils.js:316:10)\n    at _callCircusHook (/Users/la/Desktop/CleanCity/node_modules/jest-circus/build/run.js:181:40)\n    at _runTest (/Users/la/Desktop/CleanCity/node_modules/jest-circus/build/run.js:148:5)\n    at _runTestsForDescribeBlock (/Users/la/Desktop/CleanCity/node_modules/jest-circus/build/run.js:66:9)\n    at _runTestsForDescribeBlock (/Users/la/Desktop/CleanCity/node_modules/jest-circus/build/run.js:60:9)\n    at run (/Users/la/Desktop/CleanCity/node_modules/jest-circus/build/run.js:25:3)\n    at runAndTransformResultsToJestFormat (/Users/la/Desktop/CleanCity/node_modules/jest-circus/build/legacy-code-todo-rewrite/jestAdapterInit.js:170:21)"
          ],
          "fullName": "setupAdminControls should call dataService.updateRequestStatus on button click",
          "invocations": 1,
          "location": null,
          "numPassingAsserts": 0,
          "status": "failed",
          "title": "should call dataService.updateRequestStatus on button click"
        }
      ],
      "failureMessage": "\u001b[1m\u001b[31m  \u001b[1m● \u001b[22m\u001b[1msetupAdminControls › should populate request select with options\u001b[39m\u001b[22m\n\n    \u001b[1m\u001b[31mThe error below may be caused by using the wrong test environment, see \u001b[2m\u001b[4mhttps://jestjs.io/docs/configuration#testenvironment-string\u001b[24m\u001b[22m\u001b[1m.\u001b[39m\u001b[22m\n    \u001b[1m\u001b[31mConsider using the \"jsdom\" test environment.\u001b[39m\u001b[22m\n    \u001b[1m\u001b[31m\u001b[39m\u001b[22m\n    \u001b[1m\u001b[31m\u001b[39m\u001b[22mReferenceError: document is not defined\n\u001b[2m\u001b[22m\n\u001b[2m    \u001b[0m \u001b[90m 17 |\u001b[39m         loadAdminData \u001b[33m=\u001b[39m jest\u001b[33m.\u001b[39mfn()\u001b[33m;\u001b[39m\u001b[22m\n\u001b[2m     \u001b[90m 18 |\u001b[39m         \u001b[22m\n\u001b[2m    \u001b[31m\u001b[1m>\u001b[22m\u001b[2m\u001b[39m\u001b[90m 19 |\u001b[39m         document\u001b[33m.\u001b[39mbody\u001b[33m.\u001b[39minnerHTML \u001b[33m=\u001b[39m \u001b[32m`\u001b[39m\u001b[22m\n\u001b[2m     \u001b[90m    |\u001b[39m         \u001b[31m\u001b[1m^\u001b[22m\u001b[2m\u001b[39m\u001b[22m\n\u001b[2m     \u001b[90m 20 |\u001b[39m \u001b[32m        <select id=\"requestSelect\"></select>\u001b[39m\u001b[22m\n\u001b[2m     \u001b[90m 21 |\u001b[39m \u001b[32m        <select id=\"statusSelect\">\u001b[39m\u001b[22m\n\u001b[2m     \u001b[90m 22 |\u001b[39m \u001b[32m            <option value=\"pending\">Pending</option>\u001b[39m\u001b[0m\u001b[22m\n\u001b[2m\u001b[22m\n\u001b[2m      \u001b[2mat Object.<anonymous> (\u001b[22m\u001b[2m\u001b[0m\u001b[36mUnit Tests/setupAdminControls.test.js\u001b[39m\u001b[0m\u001b[2m:19:9)\u001b[22m\u001b[2m\u001b[22m\n\n\u001b[1m\u001b[31m  \u001b[1m● \u001b[22m\u001b[1msetupAdminControls › should enable update button when both selects have values\u001b[39m\u001b[22m\n\n    \u001b[1m\u001b[31mThe error below may be caused by using the wrong test environment, see \u001b[2m\u001b[4mhttps://jestjs.io/docs/configuration#testenvironment-string\u001b[24m\u001b[22m\u001b[1m.\u001b[39m\u001b[22m\n    \u001b[1m\u001b[31mConsider using the \"jsdom\" test environment.\u001b[39m\u001b[22m\n    \u001b[1m\u001b[31m\u001b[39m\u001b[22m\n    \u001b[1m\u001b[31m\u001b[39m\u001b[22mReferenceError: document is not defined\n\u001b[2m\u001b[22m\n\u001b[2m    \u001b[0m \u001b[90m 17 |\u001b[39m         loadAdminData \u001b[33m=\u001b[39m jest\u001b[33m.\u001b[39mfn()\u001b[33m;\u001b[39m\u001b[22m\n\u001b[2m     \u001b[90m 18 |\u001b[39m         \u001b[22m\n\u001b[2m    \u001b[31m\u001b[1m>\u001b[22m\u001b[2m\u001b[39m\u001b[90m 19 |\u001b[39m         document\u001b[33m.\u001b[39mbody\u001b[33m.\u001b[39minnerHTML \u001b[33m=\u001b[39m \u001b[32m`\u001b[39m\u001b[22m\n\u001b[2m     \u001b[90m    |\u001b[39m         \u001b[31m\u001b[1m^\u001b[22m\u001b[2m\u001b[39m\u001b[22m\n\u001b[2m     \u001b[90m 20 |\u001b[39m \u001b[32m        <select id=\"requestSelect\"></select>\u001b[39m\u001b[22m\n\u001b[2m     \u001b[90m 21 |\u001b[39m \u001b[32m        <select id=\"statusSelect\">\u001b[39m\u001b[22m\n\u001b[2m     \u001b[90m 22 |\u001b[39m \u001b[32m            <option value=\"pending\">Pending</option>\u001b[39m\u001b[0m\u001b[22m\n\u001b[2m\u001b[22m\n\u001b[2m      \u001b[2mat Object.<anonymous> (\u001b[22m\u001b[2m\u001b[0m\u001b[36mUnit Tests/setupAdminControls.test.js\u001b[39m\u001b[0m\u001b[2m:19:9)\u001b[22m\u001b[2m\u001b[22m\n\n\u001b[1m\u001b[31m  \u001b[1m● \u001b[22m\u001b[1msetupAdminControls › should call dataService.updateRequestStatus on button click\u001b[39m\u001b[22m\n\n    \u001b[1m\u001b[31mThe error below may be caused by using the wrong test environment, see \u001b[2m\u001b[4mhttps://jestjs.io/docs/configuration#testenvironment-string\u001b[24m\u001b[22m\u001b[1m.\u001b[39m\u001b[22m\n    \u001b[1m\u001b[31mConsider using the \"jsdom\" test environment.\u001b[39m\u001b[22m\n    \u001b[1m\u001b[31m\u001b[39m\u001b[22m\n    \u001b[1m\u001b[31m\u001b[39m\u001b[22mReferenceError: document is not defined\n\u001b[2m\u001b[22m\n\u001b[2m    \u001b[0m \u001b[90m 17 |\u001b[39m         loadAdminData \u001b[33m=\u001b[39m jest\u001b[33m.\u001b[39mfn()\u001b[33m;\u001b[39m\u001b[22m\n\u001b[2m     \u001b[90m 18 |\u001b[39m         \u001b[22m\n\u001b[2m    \u001b[31m\u001b[1m>\u001b[22m\u001b[2m\u001b[39m\u001b[90m 19 |\u001b[39m         document\u001b[33m.\u001b[39mbody\u001b[33m.\u001b[39minnerHTML \u001b[33m=\u001b[39m \u001b[32m`\u001b[39m\u001b[22m\n\u001b[2m     \u001b[90m    |\u001b[39m         \u001b[31m\u001b[1m^\u001b[22m\u001b[2m\u001b[39m\u001b[22m\n\u001b[2m     \u001b[90m 20 |\u001b[39m \u001b[32m        <select id=\"requestSelect\"></select>\u001b[39m\u001b[22m\n\u001b[2m     \u001b[90m 21 |\u001b[39m \u001b[32m        <select id=\"statusSelect\">\u001b[39m\u001b[22m\n\u001b[2m     \u001b[90m 22 |\u001b[39m \u001b[32m            <option value=\"pending\">Pending</option>\u001b[39m\u001b[0m\u001b[22m\n\u001b[2m\u001b[22m\n\u001b[2m      \u001b[2mat Object.<anonymous> (\u001b[22m\u001b[2m\u001b[0m\u001b[36mUnit Tests/setupAdminControls.test.js\u001b[39m\u001b[0m\u001b[2m:19:9)\u001b[22m\u001b[2m\u001b[22m\n"
    },
    {
      "leaks": false,
      "numFailingTests": 2,
      "numPassingTests": 0,
      "numPendingTests": 0,
      "numTodoTests": 0,
      "openHandles": [],
      "perfStats": {
        "end": 1752428715274,
        "runtime": 116,
        "slow": false,
        "start": 1752428715158
      },
      "skipped": false,
      "snapshot": {
        "added": 0,
        "fileDeleted": false,
        "matched": 0,
        "unchecked": 0,
        "uncheckedKeys": [],
        "unmatched": 0,
        "updated": 0
      },
      "testFilePath": "/Users/la/Desktop/CleanCity/Unit Tests/handleFeedbackSubmit.test.js",
      "testResults": [
        {
          "ancestorTitles": [
            "handleFeedbackSubmit"
          ],
          "duration": 1,
          "failureDetails": [
            {}
          ],
          "failureMessages": [
            "ReferenceError: document is not defined\n    at Object.<anonymous> (/Users/la/Desktop/CleanCity/Unit Tests/handleFeedbackSubmit.test.js:12:5)\n    at Promise.then.completed (/Users/la/Desktop/CleanCity/node_modules/jest-circus/build/utils.js:391:28)\n    at new Promise (<anonymous>)\n    at callAsyncCircusFn (/Users/la/Desktop/CleanCity/node_modules/jest-circus/build/utils.js:316:10)\n    at _callCircusHook (/Users/la/Desktop/CleanCity/node_modules/jest-circus/build/run.js:181:40)\n    at _runTest (/Users/la/Desktop/CleanCity/node_modules/jest-circus/build/run.js:148:5)\n    at _runTestsForDescribeBlock (/Users/la/Desktop/CleanCity/node_modules/jest-circus/build/run.js:66:9)\n    at _runTestsForDescribeBlock (/Users/la/Desktop/CleanCity/node_modules/jest-circus/build/run.js:60:9)\n    at run (/Users/la/Desktop/CleanCity/node_modules/jest-circus/build/run.js:25:3)\n    at runAndTransformResultsToJestFormat (/Users/la/Desktop/CleanCity/node_modules/jest-circus/build/legacy-code-todo-rewrite/jestAdapterInit.js:170:21)"
          ],
          "fullName": "handleFeedbackSubmit should submit feedback successfully if no validation errors",
          "invocations": 1,
          "location": null,
          "numPassingAsserts": 0,
          "status": "failed",
          "title": "should submit feedback successfully if no validation errors"
        },
        {
          "ancestorTitles": [
            "handleFeedbackSubmit"
          ],
          "duration": 0,
          "failureDetails": [
            {}
          ],
          "failureMessages": [
            "ReferenceError: document is not defined\n    at Object.<anonymous> (/Users/la/Desktop/CleanCity/Unit Tests/handleFeedbackSubmit.test.js:12:5)\n    at Promise.then.completed (/Users/la/Desktop/CleanCity/node_modules/jest-circus/build/utils.js:391:28)\n    at new Promise (<anonymous>)\n    at callAsyncCircusFn (/Users/la/Desktop/CleanCity/node_modules/jest-circus/build/utils.js:316:10)\n    at _callCircusHook (/Users/la/Desktop/CleanCity/node_modules/jest-circus/build/run.js:181:40)\n    at _runTest (/Users/la/Desktop/CleanCity/node_modules/jest-circus/build/run.js:148:5)\n    at _runTestsForDescribeBlock (/Users/la/Desktop/CleanCity/node_modules/jest-circus/build/run.js:66:9)\n    at _runTestsForDescribeBlock (/Users/la/Desktop/CleanCity/node_modules/jest-circus/build/run.js:60:9)\n    at run (/Users/la/Desktop/CleanCity/node_modules/jest-circus/build/run.js:25:3)\n    at runAndTransformResultsToJestFormat (/Users/la/Desktop/CleanCity/node_modules/jest-circus/build/legacy-code-todo-rewrite/jestAdapterInit.js:170:21)"
          ],
          "fullName": "handleFeedbackSubmit should display errors if validation fails",
          "invocations": 1,
          "location": null,
          "numPassingAsserts": 0,
          "status": "failed",
          "title": "should display errors if validation fails"
        }
      ],
      "failureMessage": "\u001b[1m\u001b[31m  \u001b[1m● \u001b[22m\u001b[1mhandleFeedbackSubmit › should submit feedback successfully if no validation errors\u001b[39m\u001b[22m\n\n    \u001b[1m\u001b[31mThe error below may be caused by using the wrong test environment, see \u001b[2m\u001b[4mhttps://jestjs.io/docs/configuration#testenvironment-string\u001b[24m\u001b[22m\u001b[1m.\u001b[39m\u001b[22m\n    \u001b[1m\u001b[31mConsider using the \"jsdom\" test environment.\u001b[39m\u001b[22m\n    \u001b[1m\u001b[31m\u001b[39m\u001b[22m\n    \u001b[1m\u001b[31m\u001b[39m\u001b[22mReferenceError: document is not defined\n\u001b[2m\u001b[22m\n\u001b[2m    \u001b[0m \u001b[90m 10 |\u001b[39m   beforeEach(() \u001b[33m=>\u001b[39m {\u001b[22m\n\u001b[2m     \u001b[90m 11 |\u001b[39m     \u001b[90m// Set up mock form in the DOM\u001b[39m\u001b[22m\n\u001b[2m    \u001b[31m\u001b[1m>\u001b[22m\u001b[2m\u001b[39m\u001b[90m 12 |\u001b[39m     document\u001b[33m.\u001b[39mbody\u001b[33m.\u001b[39minnerHTML \u001b[33m=\u001b[39m \u001b[32m`\u001b[39m\u001b[22m\n\u001b[2m     \u001b[90m    |\u001b[39m     \u001b[31m\u001b[1m^\u001b[22m\u001b[2m\u001b[39m\u001b[22m\n\u001b[2m     \u001b[90m 13 |\u001b[39m \u001b[32m      <form id=\"feedback-form\">\u001b[39m\u001b[22m\n\u001b[2m     \u001b[90m 14 |\u001b[39m \u001b[32m        <input name=\"requestId\" value=\"REQ001\" />\u001b[39m\u001b[22m\n\u001b[2m     \u001b[90m 15 |\u001b[39m \u001b[32m        <input name=\"reason\" value=\"Late pickup\" />\u001b[39m\u001b[0m\u001b[22m\n\u001b[2m\u001b[22m\n\u001b[2m      \u001b[2mat Object.<anonymous> (\u001b[22m\u001b[2m\u001b[0m\u001b[36mUnit Tests/handleFeedbackSubmit.test.js\u001b[39m\u001b[0m\u001b[2m:12:5)\u001b[22m\u001b[2m\u001b[22m\n\n\u001b[1m\u001b[31m  \u001b[1m● \u001b[22m\u001b[1mhandleFeedbackSubmit › should display errors if validation fails\u001b[39m\u001b[22m\n\n    \u001b[1m\u001b[31mThe error below may be caused by using the wrong test environment, see \u001b[2m\u001b[4mhttps://jestjs.io/docs/configuration#testenvironment-string\u001b[24m\u001b[22m\u001b[1m.\u001b[39m\u001b[22m\n    \u001b[1m\u001b[31mConsider using the \"jsdom\" test environment.\u001b[39m\u001b[22m\n    \u001b[1m\u001b[31m\u001b[39m\u001b[22m\n    \u001b[1m\u001b[31m\u001b[39m\u001b[22mReferenceError: document is not defined\n\u001b[2m\u001b[22m\n\u001b[2m    \u001b[0m \u001b[90m 10 |\u001b[39m   beforeEach(() \u001b[33m=>\u001b[39m {\u001b[22m\n\u001b[2m     \u001b[90m 11 |\u001b[39m     \u001b[90m// Set up mock form in the DOM\u001b[39m\u001b[22m\n\u001b[2m    \u001b[31m\u001b[1m>\u001b[22m\u001b[2m\u001b[39m\u001b[90m 12 |\u001b[39m     document\u001b[33m.\u001b[39mbody\u001b[33m.\u001b[39minnerHTML \u001b[33m=\u001b[39m \u001b[32m`\u001b[39m\u001b[22m\n\u001b[2m     \u001b[90m    |\u001b[39m     \u001b[31m\u001b[1m^\u001b[22m\u001b[2m\u001b[39m\u001b[22m\n\u001b[2m     \u001b[90m 13 |\u001b[39m \u001b[32m      <form id=\"feedback-form\">\u001b[39m\u001b[22m\n\u001b[2m     \u001b[90m 14 |\u001b[39m \u001b[32m        <input name=\"requestId\" value=\"REQ001\" />\u001b[39m\u001b[22m\n\u001b[2m     \u001b[90m 15 |\u001b[39m \u001b[32m        <input name=\"reason\" value=\"Late pickup\" />\u001b[39m\u001b[0m\u001b[22m\n\u001b[2m\u001b[22m\n\u001b[2m      \u001b[2mat Object.<anonymous> (\u001b[22m\u001b[2m\u001b[0m\u001b[36mUnit Tests/handleFeedbackSubmit.test.js\u001b[39m\u001b[0m\u001b[2m:12:5)\u001b[22m\u001b[2m\u001b[22m\n"
    },
    {
      "leaks": false,
      "numFailingTests": 2,
      "numPassingTests": 0,
      "numPendingTests": 0,
      "numTodoTests": 0,
      "openHandles": [],
      "perfStats": {
        "end": 1752428715892,
        "runtime": 485,
        "slow": false,
        "start": 1752428715407
      },
      "skipped": false,
      "snapshot": {
        "added": 0,
        "fileDeleted": false,
        "matched": 0,
        "unchecked": 0,
        "uncheckedKeys": [],
        "unmatched": 0,
        "updated": 0
      },
      "testFilePath": "/Users/la/Desktop/CleanCity/Unit Tests/updateStatistics.test.js",
      "testResults": [
        {
          "ancestorTitles": [
            "updateStatistics"
          ],
          "duration": 1,
          "failureDetails": [
            {}
          ],
          "failureMessages": [
            "ReferenceError: document is not defined\n    at Object.<anonymous> (/Users/la/Desktop/CleanCity/Unit Tests/updateStatistics.test.js:6:9)\n    at Promise.then.completed (/Users/la/Desktop/CleanCity/node_modules/jest-circus/build/utils.js:391:28)\n    at new Promise (<anonymous>)\n    at callAsyncCircusFn (/Users/la/Desktop/CleanCity/node_modules/jest-circus/build/utils.js:316:10)\n    at _callCircusHook (/Users/la/Desktop/CleanCity/node_modules/jest-circus/build/run.js:181:40)\n    at _runTest (/Users/la/Desktop/CleanCity/node_modules/jest-circus/build/run.js:148:5)\n    at _runTestsForDescribeBlock (/Users/la/Desktop/CleanCity/node_modules/jest-circus/build/run.js:66:9)\n    at _runTestsForDescribeBlock (/Users/la/Desktop/CleanCity/node_modules/jest-circus/build/run.js:60:9)\n    at run (/Users/la/Desktop/CleanCity/node_modules/jest-circus/build/run.js:25:3)\n    at runAndTransformResultsToJestFormat (/Users/la/Desktop/CleanCity/node_modules/jest-circus/build/legacy-code-todo-rewrite/jestAdapterInit.js:170:21)"
          ],
          "fullName": "updateStatistics should update statistics correctly",
          "invocations": 1,
          "location": null,
          "numPassingAsserts": 0,
          "status": "failed",
          "title": "should update statistics correctly"
        },
        {
          "ancestorTitles": [
            "updateStatistics"
          ],
          "duration": 0,
          "failureDetails": [
            {}
          ],
          "failureMessages": [
            "ReferenceError: document is not defined\n    at Object.<anonymous> (/Users/la/Desktop/CleanCity/Unit Tests/updateStatistics.test.js:6:9)\n    at Promise.then.completed (/Users/la/Desktop/CleanCity/node_modules/jest-circus/build/utils.js:391:28)\n    at new Promise (<anonymous>)\n    at callAsyncCircusFn (/Users/la/Desktop/CleanCity/node_modules/jest-circus/build/utils.js:316:10)\n    at _callCircusHook (/Users/la/Desktop/CleanCity/node_modules/jest-circus/build/run.js:181:40)\n    at _runTest (/Users/la/Desktop/CleanCity/node_modules/jest-circus/build/run.js:148:5)\n    at _runTestsForDescribeBlock (/Users/la/Desktop/CleanCity/node_modules/jest-circus/build/run.js:66:9)\n    at _runTestsForDescribeBlock (/Users/la/Desktop/CleanCity/node_modules/jest-circus/build/run.js:60:9)\n    at run (/Users/la/Desktop/CleanCity/node_modules/jest-circus/build/run.js:25:3)\n    at runAndTransformResultsToJestFormat (/Users/la/Desktop/CleanCity/node_modules/jest-circus/build/legacy-code-todo-rewrite/jestAdapterInit.js:170:21)"
          ],
          "fullName": "updateStatistics should handle empty requests array",
          "invocations": 1,
          "location": null,
          "numPassingAsserts": 0,
          "status": "failed",
          "title": "should handle empty requests array"
        }
      ],
      "failureMessage": "\u001b[1m\u001b[31m  \u001b[1m● \u001b[22m\u001b[1mupdateStatistics › should update statistics correctly\u001b[39m\u001b[22m\n\n    \u001b[1m\u001b[31mThe error below may be caused by using the wrong test environment, see \u001b[2m\u001b[4mhttps://jestjs.io/docs/configuration#testenvironment-string\u001b[24m\u001b[22m\u001b[1m.\u001b[39m\u001b[22m\n    \u001b[1m\u001b[31mConsider using the \"jsdom\" test environment.\u001b[39m\u001b[22m\n    \u001b[1m\u001b[31m\u001b[39m\u001b[22m\n    \u001b[1m\u001b[31m\u001b[39m\u001b[22mReferenceError: document is not defined\n\u001b[2m\u001b[22m\n\u001b[2m    \u001b[0m \u001b[90m 4 |\u001b[39m\u001b[22m\n\u001b[2m     \u001b[90m 5 |\u001b[39m     beforeEach(() \u001b[33m=>\u001b[39m {\u001b[22m\n\u001b[2m    \u001b[31m\u001b[1m>\u001b[22m\u001b[2m\u001b[39m\u001b[90m 6 |\u001b[39m         document\u001b[33m.\u001b[39mbody\u001b[33m.\u001b[39minnerHTML \u001b[33m=\u001b[39m \u001b[32m`\u001b[39m\u001b[22m\n\u001b[2m     \u001b[90m   |\u001b[39m         \u001b[31m\u001b[1m^\u001b[22m\u001b[2m\u001b[39m\u001b[22m\n\u001b[2m     \u001b[90m 7 |\u001b[39m \u001b[32m            <div id=\"totalRequests\"></div>\u001b[39m\u001b[22m\n\u001b[2m     \u001b[90m 8 |\u001b[39m \u001b[32m            <div id=\"pendingRequests\"></div>\u001b[39m\u001b[22m\n\u001b[2m     \u001b[90m 9 |\u001b[39m \u001b[32m            <div id=\"scheduledRequests\"></div>\u001b[39m\u001b[0m\u001b[22m\n\u001b[2m\u001b[22m\n\u001b[2m      \u001b[2mat Object.<anonymous> (\u001b[22m\u001b[2m\u001b[0m\u001b[36mUnit Tests/updateStatistics.test.js\u001b[39m\u001b[0m\u001b[2m:6:9)\u001b[22m\u001b[2m\u001b[22m\n\n\u001b[1m\u001b[31m  \u001b[1m● \u001b[22m\u001b[1mupdateStatistics › should handle empty requests array\u001b[39m\u001b[22m\n\n    \u001b[1m\u001b[31mThe error below may be caused by using the wrong test environment, see \u001b[2m\u001b[4mhttps://jestjs.io/docs/configuration#testenvironment-string\u001b[24m\u001b[22m\u001b[1m.\u001b[39m\u001b[22m\n    \u001b[1m\u001b[31mConsider using the \"jsdom\" test environment.\u001b[39m\u001b[22m\n    \u001b[1m\u001b[31m\u001b[39m\u001b[22m\n    \u001b[1m\u001b[31m\u001b[39m\u001b[22mReferenceError: document is not defined\n\u001b[2m\u001b[22m\n\u001b[2m    \u001b[0m \u001b[90m 4 |\u001b[39m\u001b[22m\n\u001b[2m     \u001b[90m 5 |\u001b[39m     beforeEach(() \u001b[33m=>\u001b[39m {\u001b[22m\n\u001b[2m    \u001b[31m\u001b[1m>\u001b[22m\u001b[2m\u001b[39m\u001b[90m 6 |\u001b[39m         document\u001b[33m.\u001b[39mbody\u001b[33m.\u001b[39minnerHTML \u001b[33m=\u001b[39m \u001b[32m`\u001b[39m\u001b[22m\n\u001b[2m     \u001b[90m   |\u001b[39m         \u001b[31m\u001b[1m^\u001b[22m\u001b[2m\u001b[39m\u001b[22m\n\u001b[2m     \u001b[90m 7 |\u001b[39m \u001b[32m            <div id=\"totalRequests\"></div>\u001b[39m\u001b[22m\n\u001b[2m     \u001b[90m 8 |\u001b[39m \u001b[32m            <div id=\"pendingRequests\"></div>\u001b[39m\u001b[22m\n\u001b[2m     \u001b[90m 9 |\u001b[39m \u001b[32m            <div id=\"scheduledRequests\"></div>\u001b[39m\u001b[0m\u001b[22m\n\u001b[2m\u001b[22m\n\u001b[2m      \u001b[2mat Object.<anonymous> (\u001b[22m\u001b[2m\u001b[0m\u001b[36mUnit Tests/updateStatistics.test.js\u001b[39m\u001b[0m\u001b[2m:6:9)\u001b[22m\u001b[2m\u001b[22m\n"
    },
    {
      "leaks": false,
      "numFailingTests": 4,
      "numPassingTests": 0,
      "numPendingTests": 0,
      "numTodoTests": 0,
      "openHandles": [],
      "perfStats": {
        "end": 1752428716913,
        "runtime": 671,
        "slow": false,
        "start": 1752428716242
      },
      "skipped": false,
      "snapshot": {
        "added": 0,
        "fileDeleted": false,
        "matched": 0,
        "unchecked": 0,
        "uncheckedKeys": [],
        "unmatched": 0,
        "updated": 0
      },
      "testFilePath": "/Users/la/Desktop/CleanCity/Unit Tests/login.test.js",
      "testResults": [
        {
          "ancestorTitles": [
            "login"
          ],
          "duration": 0,
          "failureDetails": [
            {}
          ],
          "failureMessages": [
            "ReferenceError: localStorage is not defined\n    at Object.<anonymous> (/Users/la/Desktop/CleanCity/Unit Tests/login.test.js:28:5)\n    at Promise.then.completed (/Users/la/Desktop/CleanCity/node_modules/jest-circus/build/utils.js:391:28)\n    at new Promise (<anonymous>)\n    at callAsyncCircusFn (/Users/la/Desktop/CleanCity/node_modules/jest-circus/build/utils.js:316:10)\n    at _callCircusHook (/Users/la/Desktop/CleanCity/node_modules/jest-circus/build/run.js:181:40)\n    at _runTest (/Users/la/Desktop/CleanCity/node_modules/jest-circus/build/run.js:148:5)\n    at _runTestsForDescribeBlock (/Users/la/Desktop/CleanCity/node_modules/jest-circus/build/run.js:66:9)\n    at _runTestsForDescribeBlock (/Users/la/Desktop/CleanCity/node_modules/jest-circus/build/run.js:60:9)\n    at run (/Users/la/Desktop/CleanCity/node_modules/jest-circus/build/run.js:25:3)\n    at runAndTransformResultsToJestFormat (/Users/la/Desktop/CleanCity/node_modules/jest-circus/build/legacy-code-todo-rewrite/jestAdapterInit.js:170:21)"
          ],
          "fullName": "login should login successfully with valid credentials",
          "invocations": 1,
          "location": null,
          "numPassingAsserts": 0,
          "status": "failed",
          "title": "should login successfully with valid credentials"
        },
        {
          "ancestorTitles": [
            "login"
          ],
          "duration": 1,
          "failureDetails": [
            {}
          ],
          "failureMessages": [
            "ReferenceError: localStorage is not defined\n    at Object.<anonymous> (/Users/la/Desktop/CleanCity/Unit Tests/login.test.js:28:5)\n    at Promise.then.completed (/Users/la/Desktop/CleanCity/node_modules/jest-circus/build/utils.js:391:28)\n    at new Promise (<anonymous>)\n    at callAsyncCircusFn (/Users/la/Desktop/CleanCity/node_modules/jest-circus/build/utils.js:316:10)\n    at _callCircusHook (/Users/la/Desktop/CleanCity/node_modules/jest-circus/build/run.js:181:40)\n    at _runTest (/Users/la/Desktop/CleanCity/node_modules/jest-circus/build/run.js:148:5)\n    at _runTestsForDescribeBlock (/Users/la/Desktop/CleanCity/node_modules/jest-circus/build/run.js:66:9)\n    at _runTestsForDescribeBlock (/Users/la/Desktop/CleanCity/node_modules/jest-circus/build/run.js:60:9)\n    at run (/Users/la/Desktop/CleanCity/node_modules/jest-circus/build/run.js:25:3)\n    at runAndTransformResultsToJestFormat (/Users/la/Desktop/CleanCity/node_modules/jest-circus/build/legacy-code-todo-rewrite/jestAdapterInit.js:170:21)"
          ],
          "fullName": "login should fail login with invalid credentials",
          "invocations": 1,
          "location": null,
          "numPassingAsserts": 0,
          "status": "failed",
          "title": "should fail login with invalid credentials"
        },
        {
          "ancestorTitles": [
            "login"
          ],
          "duration": 0,
          "failureDetails": [
            {}
          ],
          "failureMessages": [
            "ReferenceError: localStorage is not defined\n    at Object.<anonymous> (/Users/la/Desktop/CleanCity/Unit Tests/login.test.js:28:5)\n    at Promise.then.completed (/Users/la/Desktop/CleanCity/node_modules/jest-circus/build/utils.js:391:28)\n    at new Promise (<anonymous>)\n    at callAsyncCircusFn (/Users/la/Desktop/CleanCity/node_modules/jest-circus/build/utils.js:316:10)\n    at _callCircusHook (/Users/la/Desktop/CleanCity/node_modules/jest-circus/build/run.js:181:40)\n    at _runTest (/Users/la/Desktop/CleanCity/node_modules/jest-circus/build/run.js:148:5)\n    at _runTestsForDescribeBlock (/Users/la/Desktop/CleanCity/node_modules/jest-circus/build/run.js:66:9)\n    at _runTestsForDescribeBlock (/Users/la/Desktop/CleanCity/node_modules/jest-circus/build/run.js:60:9)\n    at run (/Users/la/Desktop/CleanCity/node_modules/jest-circus/build/run.js:25:3)\n    at runAndTransformResultsToJestFormat (/Users/la/Desktop/CleanCity/node_modules/jest-circus/build/legacy-code-todo-rewrite/jestAdapterInit.js:170:21)"
          ],
          "fullName": "login should fail if password is short, for instance contains three characters",
          "invocations": 1,
          "location": null,
          "numPassingAsserts": 0,
          "status": "failed",
          "title": "should fail if password is short, for instance contains three characters"
        },
        {
          "ancestorTitles": [
            "login"
          ],
          "duration": 0,
          "failureDetails": [
            {}
          ],
          "failureMessages": [
            "ReferenceError: localStorage is not defined\n    at Object.<anonymous> (/Users/la/Desktop/CleanCity/Unit Tests/login.test.js:28:5)\n    at Promise.then.completed (/Users/la/Desktop/CleanCity/node_modules/jest-circus/build/utils.js:391:28)\n    at new Promise (<anonymous>)\n    at callAsyncCircusFn (/Users/la/Desktop/CleanCity/node_modules/jest-circus/build/utils.js:316:10)\n    at _callCircusHook (/Users/la/Desktop/CleanCity/node_modules/jest-circus/build/run.js:181:40)\n    at _runTest (/Users/la/Desktop/CleanCity/node_modules/jest-circus/build/run.js:148:5)\n    at _runTestsForDescribeBlock (/Users/la/Desktop/CleanCity/node_modules/jest-circus/build/run.js:66:9)\n    at _runTestsForDescribeBlock (/Users/la/Desktop/CleanCity/node_modules/jest-circus/build/run.js:60:9)\n    at run (/Users/la/Desktop/CleanCity/node_modules/jest-circus/build/run.js:25:3)\n    at runAndTransformResultsToJestFormat (/Users/la/Desktop/CleanCity/node_modules/jest-circus/build/legacy-code-todo-rewrite/jestAdapterInit.js:170:21)"
          ],
          "fullName": "login should fail if email is not valid",
          "invocations": 1,
          "location": null,
          "numPassingAsserts": 0,
          "status": "failed",
          "title": "should fail if email is not valid"
        }
      ],
      "failureMessage": "\u001b[1m\u001b[31m  \u001b[1m● \u001b[22m\u001b[1mlogin › should login successfully with valid credentials\u001b[39m\u001b[22m\n\n    ReferenceError: localStorage is not defined\n\u001b[2m\u001b[22m\n\u001b[2m    \u001b[0m \u001b[90m 26 |\u001b[39m\u001b[22m\n\u001b[2m     \u001b[90m 27 |\u001b[39m     \u001b[90m// Clear localStorage before each test\u001b[39m\u001b[22m\n\u001b[2m    \u001b[31m\u001b[1m>\u001b[22m\u001b[2m\u001b[39m\u001b[90m 28 |\u001b[39m     localStorage\u001b[33m.\u001b[39mclear()\u001b[33m;\u001b[39m\u001b[22m\n\u001b[2m     \u001b[90m    |\u001b[39m     \u001b[31m\u001b[1m^\u001b[22m\u001b[2m\u001b[39m\u001b[22m\n\u001b[2m     \u001b[90m 29 |\u001b[39m   })\u001b[33m;\u001b[39m\u001b[22m\n\u001b[2m     \u001b[90m 30 |\u001b[39m\u001b[22m\n\u001b[2m     \u001b[90m 31 |\u001b[39m   test(\u001b[32m'should login successfully with valid credentials'\u001b[39m\u001b[33m,\u001b[39m () \u001b[33m=>\u001b[39m {\u001b[0m\u001b[22m\n\u001b[2m\u001b[22m\n\u001b[2m      \u001b[2mat Object.<anonymous> (\u001b[22m\u001b[2m\u001b[0m\u001b[36mUnit Tests/login.test.js\u001b[39m\u001b[0m\u001b[2m:28:5)\u001b[22m\u001b[2m\u001b[22m\n\n\u001b[1m\u001b[31m  \u001b[1m● \u001b[22m\u001b[1mlogin › should fail login with invalid credentials\u001b[39m\u001b[22m\n\n    ReferenceError: localStorage is not defined\n\u001b[2m\u001b[22m\n\u001b[2m    \u001b[0m \u001b[90m 26 |\u001b[39m\u001b[22m\n\u001b[2m     \u001b[90m 27 |\u001b[39m     \u001b[90m// Clear localStorage before each test\u001b[39m\u001b[22m\n\u001b[2m    \u001b[31m\u001b[1m>\u001b[22m\u001b[2m\u001b[39m\u001b[90m 28 |\u001b[39m     localStorage\u001b[33m.\u001b[39mclear()\u001b[33m;\u001b[39m\u001b[22m\n\u001b[2m     \u001b[90m    |\u001b[39m     \u001b[31m\u001b[1m^\u001b[22m\u001b[2m\u001b[39m\u001b[22m\n\u001b[2m     \u001b[90m 29 |\u001b[39m   })\u001b[33m;\u001b[39m\u001b[22m\n\u001b[2m     \u001b[90m 30 |\u001b[39m\u001b[22m\n\u001b[2m     \u001b[90m 31 |\u001b[39m   test(\u001b[32m'should login successfully with valid credentials'\u001b[39m\u001b[33m,\u001b[39m () \u001b[33m=>\u001b[39m {\u001b[0m\u001b[22m\n\u001b[2m\u001b[22m\n\u001b[2m      \u001b[2mat Object.<anonymous> (\u001b[22m\u001b[2m\u001b[0m\u001b[36mUnit Tests/login.test.js\u001b[39m\u001b[0m\u001b[2m:28:5)\u001b[22m\u001b[2m\u001b[22m\n\n\u001b[1m\u001b[31m  \u001b[1m● \u001b[22m\u001b[1mlogin › should fail if password is short, for instance contains three characters\u001b[39m\u001b[22m\n\n    ReferenceError: localStorage is not defined\n\u001b[2m\u001b[22m\n\u001b[2m    \u001b[0m \u001b[90m 26 |\u001b[39m\u001b[22m\n\u001b[2m     \u001b[90m 27 |\u001b[39m     \u001b[90m// Clear localStorage before each test\u001b[39m\u001b[22m\n\u001b[2m    \u001b[31m\u001b[1m>\u001b[22m\u001b[2m\u001b[39m\u001b[90m 28 |\u001b[39m     localStorage\u001b[33m.\u001b[39mclear()\u001b[33m;\u001b[39m\u001b[22m\n\u001b[2m     \u001b[90m    |\u001b[39m     \u001b[31m\u001b[1m^\u001b[22m\u001b[2m\u001b[39m\u001b[22m\n\u001b[2m     \u001b[90m 29 |\u001b[39m   })\u001b[33m;\u001b[39m\u001b[22m\n\u001b[2m     \u001b[90m 30 |\u001b[39m\u001b[22m\n\u001b[2m     \u001b[90m 31 |\u001b[39m   test(\u001b[32m'should login successfully with valid credentials'\u001b[39m\u001b[33m,\u001b[39m () \u001b[33m=>\u001b[39m {\u001b[0m\u001b[22m\n\u001b[2m\u001b[22m\n\u001b[2m      \u001b[2mat Object.<anonymous> (\u001b[22m\u001b[2m\u001b[0m\u001b[36mUnit Tests/login.test.js\u001b[39m\u001b[0m\u001b[2m:28:5)\u001b[22m\u001b[2m\u001b[22m\n\n\u001b[1m\u001b[31m  \u001b[1m● \u001b[22m\u001b[1mlogin › should fail if email is not valid\u001b[39m\u001b[22m\n\n    ReferenceError: localStorage is not defined\n\u001b[2m\u001b[22m\n\u001b[2m    \u001b[0m \u001b[90m 26 |\u001b[39m\u001b[22m\n\u001b[2m     \u001b[90m 27 |\u001b[39m     \u001b[90m// Clear localStorage before each test\u001b[39m\u001b[22m\n\u001b[2m    \u001b[31m\u001b[1m>\u001b[22m\u001b[2m\u001b[39m\u001b[90m 28 |\u001b[39m     localStorage\u001b[33m.\u001b[39mclear()\u001b[33m;\u001b[39m\u001b[22m\n\u001b[2m     \u001b[90m    |\u001b[39m     \u001b[31m\u001b[1m^\u001b[22m\u001b[2m\u001b[39m\u001b[22m\n\u001b[2m     \u001b[90m 29 |\u001b[39m   })\u001b[33m;\u001b[39m\u001b[22m\n\u001b[2m     \u001b[90m 30 |\u001b[39m\u001b[22m\n\u001b[2m     \u001b[90m 31 |\u001b[39m   test(\u001b[32m'should login successfully with valid credentials'\u001b[39m\u001b[33m,\u001b[39m () \u001b[33m=>\u001b[39m {\u001b[0m\u001b[22m\n\u001b[2m\u001b[22m\n\u001b[2m      \u001b[2mat Object.<anonymous> (\u001b[22m\u001b[2m\u001b[0m\u001b[36mUnit Tests/login.test.js\u001b[39m\u001b[0m\u001b[2m:28:5)\u001b[22m\u001b[2m\u001b[22m\n"
    },
    {
      "leaks": false,
      "numFailingTests": 3,
      "numPassingTests": 0,
      "numPendingTests": 0,
      "numTodoTests": 0,
      "openHandles": [],
      "perfStats": {
        "end": 1752428717525,
        "runtime": 396,
        "slow": false,
        "start": 1752428717129
      },
      "skipped": false,
      "snapshot": {
        "added": 0,
        "fileDeleted": false,
        "matched": 0,
        "unchecked": 0,
        "uncheckedKeys": [],
        "unmatched": 0,
        "updated": 0
      },
      "testFilePath": "/Users/la/Desktop/CleanCity/Unit Tests/displayFeedbackErrors.test.js",
      "testResults": [
        {
          "ancestorTitles": [
            "displayFeedbackErrors"
          ],
          "duration": 1,
          "failureDetails": [
            {}
          ],
          "failureMessages": [
            "ReferenceError: document is not defined\n    at Object.<anonymous> (/Users/la/Desktop/CleanCity/Unit Tests/displayFeedbackErrors.test.js:7:9)\n    at Promise.then.completed (/Users/la/Desktop/CleanCity/node_modules/jest-circus/build/utils.js:391:28)\n    at new Promise (<anonymous>)\n    at callAsyncCircusFn (/Users/la/Desktop/CleanCity/node_modules/jest-circus/build/utils.js:316:10)\n    at _callCircusHook (/Users/la/Desktop/CleanCity/node_modules/jest-circus/build/run.js:181:40)\n    at _runTest (/Users/la/Desktop/CleanCity/node_modules/jest-circus/build/run.js:148:5)\n    at _runTestsForDescribeBlock (/Users/la/Desktop/CleanCity/node_modules/jest-circus/build/run.js:66:9)\n    at _runTestsForDescribeBlock (/Users/la/Desktop/CleanCity/node_modules/jest-circus/build/run.js:60:9)\n    at run (/Users/la/Desktop/CleanCity/node_modules/jest-circus/build/run.js:25:3)\n    at runAndTransformResultsToJestFormat (/Users/la/Desktop/CleanCity/node_modules/jest-circus/build/legacy-code-todo-rewrite/jestAdapterInit.js:170:21)"
          ],
          "fullName": "displayFeedbackErrors should display requestId error message",
          "invocations": 1,
          "location": null,
          "numPassingAsserts": 0,
          "status": "failed",
          "title": "should display requestId error message"
        },
        {
          "ancestorTitles": [
            "displayFeedbackErrors"
          ],
          "duration": 1,
          "failureDetails": [
            {}
          ],
          "failureMessages": [
            "ReferenceError: document is not defined\n    at Object.<anonymous> (/Users/la/Desktop/CleanCity/Unit Tests/displayFeedbackErrors.test.js:7:9)\n    at Promise.then.completed (/Users/la/Desktop/CleanCity/node_modules/jest-circus/build/utils.js:391:28)\n    at new Promise (<anonymous>)\n    at callAsyncCircusFn (/Users/la/Desktop/CleanCity/node_modules/jest-circus/build/utils.js:316:10)\n    at _callCircusHook (/Users/la/Desktop/CleanCity/node_modules/jest-circus/build/run.js:181:40)\n    at _runTest (/Users/la/Desktop/CleanCity/node_modules/jest-circus/build/run.js:148:5)\n    at _runTestsForDescribeBlock (/Users/la/Desktop/CleanCity/node_modules/jest-circus/build/run.js:66:9)\n    at _runTestsForDescribeBlock (/Users/la/Desktop/CleanCity/node_modules/jest-circus/build/run.js:60:9)\n    at run (/Users/la/Desktop/CleanCity/node_modules/jest-circus/build/run.js:25:3)\n    at runAndTransformResultsToJestFormat (/Users/la/Desktop/CleanCity/node_modules/jest-circus/build/legacy-code-todo-rewrite/jestAdapterInit.js:170:21)"
          ],
          "fullName": "displayFeedbackErrors should display reason error message",
          "invocations": 1,
          "location": null,
          "numPassingAsserts": 0,
          "status": "failed",
          "title": "should display reason error message"
        },
        {
          "ancestorTitles": [
            "displayFeedbackErrors"
          ],
          "duration": 0,
          "failureDetails": [
            {}
          ],
          "failureMessages": [
            "ReferenceError: document is not defined\n    at Object.<anonymous> (/Users/la/Desktop/CleanCity/Unit Tests/displayFeedbackErrors.test.js:7:9)\n    at Promise.then.completed (/Users/la/Desktop/CleanCity/node_modules/jest-circus/build/utils.js:391:28)\n    at new Promise (<anonymous>)\n    at callAsyncCircusFn (/Users/la/Desktop/CleanCity/node_modules/jest-circus/build/utils.js:316:10)\n    at _callCircusHook (/Users/la/Desktop/CleanCity/node_modules/jest-circus/build/run.js:181:40)\n    at _runTest (/Users/la/Desktop/CleanCity/node_modules/jest-circus/build/run.js:148:5)\n    at _runTestsForDescribeBlock (/Users/la/Desktop/CleanCity/node_modules/jest-circus/build/run.js:66:9)\n    at _runTestsForDescribeBlock (/Users/la/Desktop/CleanCity/node_modules/jest-circus/build/run.js:60:9)\n    at run (/Users/la/Desktop/CleanCity/node_modules/jest-circus/build/run.js:25:3)\n    at runAndTransformResultsToJestFormat (/Users/la/Desktop/CleanCity/node_modules/jest-circus/build/legacy-code-todo-rewrite/jestAdapterInit.js:170:21)"
          ],
          "fullName": "displayFeedbackErrors should not display any error messages if no errors are present",
          "invocations": 1,
          "location": null,
          "numPassingAsserts": 0,
          "status": "failed",
          "title": "should not display any error messages if no errors are present"
        }
      ],
      "failureMessage": "\u001b[1m\u001b[31m  \u001b[1m● \u001b[22m\u001b[1mdisplayFeedbackErrors › should display requestId error message\u001b[39m\u001b[22m\n\n    \u001b[1m\u001b[31mThe error below may be caused by using the wrong test environment, see \u001b[2m\u001b[4mhttps://jestjs.io/docs/configuration#testenvironment-string\u001b[24m\u001b[22m\u001b[1m.\u001b[39m\u001b[22m\n    \u001b[1m\u001b[31mConsider using the \"jsdom\" test environment.\u001b[39m\u001b[22m\n    \u001b[1m\u001b[31m\u001b[39m\u001b[22m\n    \u001b[1m\u001b[31m\u001b[39m\u001b[22mReferenceError: document is not defined\n\u001b[2m\u001b[22m\n\u001b[2m    \u001b[0m \u001b[90m  5 |\u001b[39m     beforeEach(() \u001b[33m=>\u001b[39m {\u001b[22m\n\u001b[2m     \u001b[90m  6 |\u001b[39m         \u001b[90m// Clear previous error messages\u001b[39m\u001b[22m\n\u001b[2m    \u001b[31m\u001b[1m>\u001b[22m\u001b[2m\u001b[39m\u001b[90m  7 |\u001b[39m         document\u001b[33m.\u001b[39mbody\u001b[33m.\u001b[39minnerHTML \u001b[33m=\u001b[39m \u001b[32m`\u001b[39m\u001b[22m\n\u001b[2m     \u001b[90m    |\u001b[39m         \u001b[31m\u001b[1m^\u001b[22m\u001b[2m\u001b[39m\u001b[22m\n\u001b[2m     \u001b[90m  8 |\u001b[39m \u001b[32m            <div id=\"requestId-error\" class=\"error-message\"></div>\u001b[39m\u001b[22m\n\u001b[2m     \u001b[90m  9 |\u001b[39m \u001b[32m            <div id=\"reason-error\" class=\"error-message\"></div>\u001b[39m\u001b[22m\n\u001b[2m     \u001b[90m 10 |\u001b[39m \u001b[32m        `\u001b[39m\u001b[33m;\u001b[39m\u001b[0m\u001b[22m\n\u001b[2m\u001b[22m\n\u001b[2m      \u001b[2mat Object.<anonymous> (\u001b[22m\u001b[2m\u001b[0m\u001b[36mUnit Tests/displayFeedbackErrors.test.js\u001b[39m\u001b[0m\u001b[2m:7:9)\u001b[22m\u001b[2m\u001b[22m\n\n\u001b[1m\u001b[31m  \u001b[1m● \u001b[22m\u001b[1mdisplayFeedbackErrors › should display reason error message\u001b[39m\u001b[22m\n\n    \u001b[1m\u001b[31mThe error below may be caused by using the wrong test environment, see \u001b[2m\u001b[4mhttps://jestjs.io/docs/configuration#testenvironment-string\u001b[24m\u001b[22m\u001b[1m.\u001b[39m\u001b[22m\n    \u001b[1m\u001b[31mConsider using the \"jsdom\" test environment.\u001b[39m\u001b[22m\n    \u001b[1m\u001b[31m\u001b[39m\u001b[22m\n    \u001b[1m\u001b[31m\u001b[39m\u001b[22mReferenceError: document is not defined\n\u001b[2m\u001b[22m\n\u001b[2m    \u001b[0m \u001b[90m  5 |\u001b[39m     beforeEach(() \u001b[33m=>\u001b[39m {\u001b[22m\n\u001b[2m     \u001b[90m  6 |\u001b[39m         \u001b[90m// Clear previous error messages\u001b[39m\u001b[22m\n\u001b[2m    \u001b[31m\u001b[1m>\u001b[22m\u001b[2m\u001b[39m\u001b[90m  7 |\u001b[39m         document\u001b[33m.\u001b[39mbody\u001b[33m.\u001b[39minnerHTML \u001b[33m=\u001b[39m \u001b[32m`\u001b[39m\u001b[22m\n\u001b[2m     \u001b[90m    |\u001b[39m         \u001b[31m\u001b[1m^\u001b[22m\u001b[2m\u001b[39m\u001b[22m\n\u001b[2m     \u001b[90m  8 |\u001b[39m \u001b[32m            <div id=\"requestId-error\" class=\"error-message\"></div>\u001b[39m\u001b[22m\n\u001b[2m     \u001b[90m  9 |\u001b[39m \u001b[32m            <div id=\"reason-error\" class=\"error-message\"></div>\u001b[39m\u001b[22m\n\u001b[2m     \u001b[90m 10 |\u001b[39m \u001b[32m        `\u001b[39m\u001b[33m;\u001b[39m\u001b[0m\u001b[22m\n\u001b[2m\u001b[22m\n\u001b[2m      \u001b[2mat Object.<anonymous> (\u001b[22m\u001b[2m\u001b[0m\u001b[36mUnit Tests/displayFeedbackErrors.test.js\u001b[39m\u001b[0m\u001b[2m:7:9)\u001b[22m\u001b[2m\u001b[22m\n\n\u001b[1m\u001b[31m  \u001b[1m● \u001b[22m\u001b[1mdisplayFeedbackErrors › should not display any error messages if no errors are present\u001b[39m\u001b[22m\n\n    \u001b[1m\u001b[31mThe error below may be caused by using the wrong test environment, see \u001b[2m\u001b[4mhttps://jestjs.io/docs/configuration#testenvironment-string\u001b[24m\u001b[22m\u001b[1m.\u001b[39m\u001b[22m\n    \u001b[1m\u001b[31mConsider using the \"jsdom\" test environment.\u001b[39m\u001b[22m\n    \u001b[1m\u001b[31m\u001b[39m\u001b[22m\n    \u001b[1m\u001b[31m\u001b[39m\u001b[22mReferenceError: document is not defined\n\u001b[2m\u001b[22m\n\u001b[2m    \u001b[0m \u001b[90m  5 |\u001b[39m     beforeEach(() \u001b[33m=>\u001b[39m {\u001b[22m\n\u001b[2m     \u001b[90m  6 |\u001b[39m         \u001b[90m// Clear previous error messages\u001b[39m\u001b[22m\n\u001b[2m    \u001b[31m\u001b[1m>\u001b[22m\u001b[2m\u001b[39m\u001b[90m  7 |\u001b[39m         document\u001b[33m.\u001b[39mbody\u001b[33m.\u001b[39minnerHTML \u001b[33m=\u001b[39m \u001b[32m`\u001b[39m\u001b[22m\n\u001b[2m     \u001b[90m    |\u001b[39m         \u001b[31m\u001b[1m^\u001b[22m\u001b[2m\u001b[39m\u001b[22m\n\u001b[2m     \u001b[90m  8 |\u001b[39m \u001b[32m            <div id=\"requestId-error\" class=\"error-message\"></div>\u001b[39m\u001b[22m\n\u001b[2m     \u001b[90m  9 |\u001b[39m \u001b[32m            <div id=\"reason-error\" class=\"error-message\"></div>\u001b[39m\u001b[22m\n\u001b[2m     \u001b[90m 10 |\u001b[39m \u001b[32m        `\u001b[39m\u001b[33m;\u001b[39m\u001b[0m\u001b[22m\n\u001b[2m\u001b[22m\n\u001b[2m      \u001b[2mat Object.<anonymous> (\u001b[22m\u001b[2m\u001b[0m\u001b[36mUnit Tests/displayFeedbackErrors.test.js\u001b[39m\u001b[0m\u001b[2m:7:9)\u001b[22m\u001b[2m\u001b[22m\n"
    },
    {
      "leaks": false,
      "numFailingTests": 2,
      "numPassingTests": 0,
      "numPendingTests": 0,
      "numTodoTests": 0,
      "openHandles": [],
      "perfStats": {
        "end": 1752428717729,
        "runtime": 119,
        "slow": false,
        "start": 1752428717610
      },
      "skipped": false,
      "snapshot": {
        "added": 0,
        "fileDeleted": false,
        "matched": 0,
        "unchecked": 0,
        "uncheckedKeys": [],
        "unmatched": 0,
        "updated": 0
      },
      "testFilePath": "/Users/la/Desktop/CleanCity/Unit Tests/showMessage.test.js",
      "testResults": [
        {
          "ancestorTitles": [
            "showMessage"
          ],
          "duration": 1,
          "failureDetails": [
            {},
            {}
          ],
          "failureMessages": [
            "ReferenceError: document is not defined\n    at Object.<anonymous> (/Users/la/Desktop/CleanCity/Unit Tests/showMessage.test.js:9:9)\n    at Promise.then.completed (/Users/la/Desktop/CleanCity/node_modules/jest-circus/build/utils.js:391:28)\n    at new Promise (<anonymous>)\n    at callAsyncCircusFn (/Users/la/Desktop/CleanCity/node_modules/jest-circus/build/utils.js:316:10)\n    at _callCircusHook (/Users/la/Desktop/CleanCity/node_modules/jest-circus/build/run.js:181:40)\n    at _runTest (/Users/la/Desktop/CleanCity/node_modules/jest-circus/build/run.js:148:5)\n    at _runTestsForDescribeBlock (/Users/la/Desktop/CleanCity/node_modules/jest-circus/build/run.js:66:9)\n    at _runTestsForDescribeBlock (/Users/la/Desktop/CleanCity/node_modules/jest-circus/build/run.js:60:9)\n    at run (/Users/la/Desktop/CleanCity/node_modules/jest-circus/build/run.js:25:3)\n    at runAndTransformResultsToJestFormat (/Users/la/Desktop/CleanCity/node_modules/jest-circus/build/legacy-code-todo-rewrite/jestAdapterInit.js:170:21)",
            "ReferenceError: document is not defined\n    at Object.<anonymous> (/Users/la/Desktop/CleanCity/Unit Tests/showMessage.test.js:16:9)\n    at Promise.then.completed (/Users/la/Desktop/CleanCity/node_modules/jest-circus/build/utils.js:391:28)\n    at new Promise (<anonymous>)\n    at callAsyncCircusFn (/Users/la/Desktop/CleanCity/node_modules/jest-circus/build/utils.js:316:10)\n    at _callCircusHook (/Users/la/Desktop/CleanCity/node_modules/jest-circus/build/run.js:181:40)\n    at _runTest (/Users/la/Desktop/CleanCity/node_modules/jest-circus/build/run.js:158:5)\n    at _runTestsForDescribeBlock (/Users/la/Desktop/CleanCity/node_modules/jest-circus/build/run.js:66:9)\n    at _runTestsForDescribeBlock (/Users/la/Desktop/CleanCity/node_modules/jest-circus/build/run.js:60:9)\n    at run (/Users/la/Desktop/CleanCity/node_modules/jest-circus/build/run.js:25:3)\n    at runAndTransformResultsToJestFormat (/Users/la/Desktop/CleanCity/node_modules/jest-circus/build/legacy-code-todo-rewrite/jestAdapterInit.js:170:21)"
          ],
          "fullName": "showMessage should display a message in the specified element",
          "invocations": 1,
          "location": null,
          "numPassingAsserts": 0,
          "status": "failed",
          "title": "should display a message in the specified element"
        },
        {
          "ancestorTitles": [
            "showMessage"
          ],
          "duration": 2,
          "failureDetails": [
            {},
            {}
          ],
          "failureMessages": [
            "ReferenceError: document is not defined\n    at Object.<anonymous> (/Users/la/Desktop/CleanCity/Unit Tests/showMessage.test.js:9:9)\n    at Promise.then.completed (/Users/la/Desktop/CleanCity/node_modules/jest-circus/build/utils.js:391:28)\n    at new Promise (<anonymous>)\n    at callAsyncCircusFn (/Users/la/Desktop/CleanCity/node_modules/jest-circus/build/utils.js:316:10)\n    at _callCircusHook (/Users/la/Desktop/CleanCity/node_modules/jest-circus/build/run.js:181:40)\n    at _runTest (/Users/la/Desktop/CleanCity/node_modules/jest-circus/build/run.js:148:5)\n    at _runTestsForDescribeBlock (/Users/la/Desktop/CleanCity/node_modules/jest-circus/build/run.js:66:9)\n    at _runTestsForDescribeBlock (/Users/la/Desktop/CleanCity/node_modules/jest-circus/build/run.js:60:9)\n    at run (/Users/la/Desktop/CleanCity/node_modules/jest-circus/build/run.js:25:3)\n    at runAndTransformResultsToJestFormat (/Users/la/Desktop/CleanCity/node_modules/jest-circus/build/legacy-code-todo-rewrite/jestAdapterInit.js:170:21)",
            "ReferenceError: document is not defined\n    at Object.<anonymous> (/Users/la/Desktop/CleanCity/Unit Tests/showMessage.test.js:16:9)\n    at Promise.then.completed (/Users/la/Desktop/CleanCity/node_modules/jest-circus/build/utils.js:391:28)\n    at new Promise (<anonymous>)\n    at callAsyncCircusFn (/Users/la/Desktop/CleanCity/node_modules/jest-circus/build/utils.js:316:10)\n    at _callCircusHook (/Users/la/Desktop/CleanCity/node_modules/jest-circus/build/run.js:181:40)\n    at _runTest (/Users/la/Desktop/CleanCity/node_modules/jest-circus/build/run.js:158:5)\n    at _runTestsForDescribeBlock (/Users/la/Desktop/CleanCity/node_modules/jest-circus/build/run.js:66:9)\n    at _runTestsForDescribeBlock (/Users/la/Desktop/CleanCity/node_modules/jest-circus/build/run.js:60:9)\n    at run (/Users/la/Desktop/CleanCity/node_modules/jest-circus/build/run.js:25:3)\n    at runAndTransformResultsToJestFormat (/Users/la/Desktop/CleanCity/node_modules/jest-circus/build/legacy-code-todo-rewrite/jestAdapterInit.js:170:21)"
          ],
          "fullName": "showMessage should not throw an error if the element does not exist",
          "invocations": 1,
          "location": null,
          "numPassingAsserts": 0,
          "status": "failed",
          "title": "should not throw an error if the element does not exist"
        }
      ],
      "failureMessage": "\u001b[1m\u001b[31m  \u001b[1m● \u001b[22m\u001b[1mshowMessage › should display a message in the specified element\u001b[39m\u001b[22m\n\n    \u001b[1m\u001b[31mThe error below may be caused by using the wrong test environment, see \u001b[2m\u001b[4mhttps://jestjs.io/docs/configuration#testenvironment-string\u001b[24m\u001b[22m\u001b[1m.\u001b[39m\u001b[22m\n    \u001b[1m\u001b[31mConsider using the \"jsdom\" test environment.\u001b[39m\u001b[22m\n    \u001b[1m\u001b[31m\u001b[39m\u001b[22m\n    \u001b[1m\u001b[31m\u001b[39m\u001b[22mReferenceError: document is not defined\n\u001b[2m\u001b[22m\n\u001b[2m    \u001b[0m \u001b[90m  7 |\u001b[39m     beforeEach(() \u001b[33m=>\u001b[39m {\u001b[22m\n\u001b[2m     \u001b[90m  8 |\u001b[39m         \u001b[90m// Create a mock element to simulate the DOM\u001b[39m\u001b[22m\n\u001b[2m    \u001b[31m\u001b[1m>\u001b[22m\u001b[2m\u001b[39m\u001b[90m  9 |\u001b[39m         messageElement \u001b[33m=\u001b[39m document\u001b[33m.\u001b[39mcreateElement(\u001b[32m'div'\u001b[39m)\u001b[33m;\u001b[39m\u001b[22m\n\u001b[2m     \u001b[90m    |\u001b[39m         \u001b[31m\u001b[1m^\u001b[22m\u001b[2m\u001b[39m\u001b[22m\n\u001b[2m     \u001b[90m 10 |\u001b[39m         messageElement\u001b[33m.\u001b[39mid \u001b[33m=\u001b[39m \u001b[32m'testMessage'\u001b[39m\u001b[33m;\u001b[39m\u001b[22m\n\u001b[2m     \u001b[90m 11 |\u001b[39m         document\u001b[33m.\u001b[39mbody\u001b[33m.\u001b[39mappendChild(messageElement)\u001b[33m;\u001b[39m\u001b[22m\n\u001b[2m     \u001b[90m 12 |\u001b[39m     })\u001b[33m;\u001b[39m\u001b[0m\u001b[22m\n\u001b[2m\u001b[22m\n\u001b[2m      \u001b[2mat Object.<anonymous> (\u001b[22m\u001b[2m\u001b[0m\u001b[36mUnit Tests/showMessage.test.js\u001b[39m\u001b[0m\u001b[2m:9:9)\u001b[22m\u001b[2m\u001b[22m\n\n\u001b[1m\u001b[31m  \u001b[1m● \u001b[22m\u001b[1mshowMessage › should display a message in the specified element\u001b[39m\u001b[22m\n\n    \u001b[1m\u001b[31mThe error below may be caused by using the wrong test environment, see \u001b[2m\u001b[4mhttps://jestjs.io/docs/configuration#testenvironment-string\u001b[24m\u001b[22m\u001b[1m.\u001b[39m\u001b[22m\n    \u001b[1m\u001b[31mConsider using the \"jsdom\" test environment.\u001b[39m\u001b[22m\n    \u001b[1m\u001b[31m\u001b[39m\u001b[22m\n    \u001b[1m\u001b[31m\u001b[39m\u001b[22mReferenceError: document is not defined\n\u001b[2m\u001b[22m\n\u001b[2m    \u001b[0m \u001b[90m 14 |\u001b[39m     afterEach(() \u001b[33m=>\u001b[39m {\u001b[22m\n\u001b[2m     \u001b[90m 15 |\u001b[39m         \u001b[90m// Clean up the mock element after each test\u001b[39m\u001b[22m\n\u001b[2m    \u001b[31m\u001b[1m>\u001b[22m\u001b[2m\u001b[39m\u001b[90m 16 |\u001b[39m         document\u001b[33m.\u001b[39mbody\u001b[33m.\u001b[39mremoveChild(messageElement)\u001b[33m;\u001b[39m\u001b[22m\n\u001b[2m     \u001b[90m    |\u001b[39m         \u001b[31m\u001b[1m^\u001b[22m\u001b[2m\u001b[39m\u001b[22m\n\u001b[2m     \u001b[90m 17 |\u001b[39m     })\u001b[33m;\u001b[39m\u001b[22m\n\u001b[2m     \u001b[90m 18 |\u001b[39m\u001b[22m\n\u001b[2m     \u001b[90m 19 |\u001b[39m     test(\u001b[32m'should display a message in the specified element'\u001b[39m\u001b[33m,\u001b[39m () \u001b[33m=>\u001b[39m {\u001b[0m\u001b[22m\n\u001b[2m\u001b[22m\n\u001b[2m      \u001b[2mat Object.<anonymous> (\u001b[22m\u001b[2m\u001b[0m\u001b[36mUnit Tests/showMessage.test.js\u001b[39m\u001b[0m\u001b[2m:16:9)\u001b[22m\u001b[2m\u001b[22m\n\n\u001b[1m\u001b[31m  \u001b[1m● \u001b[22m\u001b[1mshowMessage › should not throw an error if the element does not exist\u001b[39m\u001b[22m\n\n    \u001b[1m\u001b[31mThe error below may be caused by using the wrong test environment, see \u001b[2m\u001b[4mhttps://jestjs.io/docs/configuration#testenvironment-string\u001b[24m\u001b[22m\u001b[1m.\u001b[39m\u001b[22m\n    \u001b[1m\u001b[31mConsider using the \"jsdom\" test environment.\u001b[39m\u001b[22m\n    \u001b[1m\u001b[31m\u001b[39m\u001b[22m\n    \u001b[1m\u001b[31m\u001b[39m\u001b[22mReferenceError: document is not defined\n\u001b[2m\u001b[22m\n\u001b[2m    \u001b[0m \u001b[90m  7 |\u001b[39m    
[...]
[32m'div'\u001b[39m)\u001b[33m;\u001b[39m\u001b[22m\n\u001b[2m     \u001b[90m    |\u001b[39m         \u001b[31m\u001b[1m^\u001b[22m\u001b[2m\u001b[39m\u001b[22m\n\u001b[2m     \u001b[90m 10 |\u001b[39m         messageElement\u001b[33m.\u001b[39mid \u001b[33m=\u001b[39m \u001b[32m'testMessage'\u001b[39m\u001b[33m;\u001b[39m\u001b[22m\n\u001b[2m     \u001b[90m 11 |\u001b[39m         document\u001b[33m.\u001b[39mbody\u001b[33m.\u001b[39mappendChild(messageElement)\u001b[33m;\u001b[39m\u001b[22m\n\u001b[2m     \u001b[90m 12 |\u001b[39m     })\u001b[33m;\u001b[39m\u001b[0m\u001b[22m\n\u001b[2m\u001b[22m\n\u001b[2m      \u001b[2mat Object.<anonymous> (\u001b[22m\u001b[2m\u001b[0m\u001b[36mUnit Tests/showMessage.test.js\u001b[39m\u001b[0m\u001b[2m:9:9)\u001b[22m\u001b[2m\u001b[22m\n\n\u001b[1m\u001b[31m  \u001b[1m● \u001b[22m\u001b[1mshowMessage › should not throw an error if the element does not exist\u001b[39m\u001b[22m\n\n    \u001b[1m\u001b[31mThe error below may be caused by using the wrong test environment, see \u001b[2m\u001b[4mhttps://jestjs.io/docs/configuration#testenvironment-string\u001b[24m\u001b[22m\u001b[1m.\u001b[39m\u001b[22m\n    \u001b[1m\u001b[31mConsider using the \"jsdom\" test environment.\u001b[39m\u001b[22m\n    \u001b[1m\u001b[31m\u001b[39m\u001b[22m\n    \u001b[1m\u001b[31m\u001b[39m\u001b[22mReferenceError: document is not defined\n\u001b[2m\u001b[22m\n\u001b[2m    \u001b[0m \u001b[90m 14 |\u001b[39m     afterEach(() \u001b[33m=>\u001b[39m {\u001b[22m\n\u001b[2m     \u001b[90m 15 |\u001b[39m         \u001b[90m// Clean up the mock element after each test\u001b[39m\u001b[22m\n\u001b[2m    \u001b[31m\u001b[1m>\u001b[22m\u001b[2m\u001b[39m\u001b[90m 16 |\u001b[39m         document\u001b[33m.\u001b[39mbody\u001b[33m.\u001b[39mremoveChild(messageElement)\u001b[33m;\u001b[39m\u001b[22m\n\u001b[2m     \u001b[90m    |\u001b[39m         \u001b[31m\u001b[1m^\u001b[22m\u001b[2m\u001b[39m\u001b[22m\n\u001b[2m     \u001b[90m 17 |\u001b[39m     })\u001b[33m;\u001b[39m\u001b[22m\n\u001b[2m     \u001b[90m 18 |\u001b[39m\u001b[22m\n\u001b[2m     \u001b[90m 19 |\u001b[39m     test(\u001b[32m'should display a message in the specified element'\u001b[39m\u001b[33m,\u001b[39m () \u001b[33m=>\u001b[39m {\u001b[0m\u001b[22m\n\u001b[2m\u001b[22m\n\u001b[2m      \u001b[2mat Object.<anonymous> (\u001b[22m\u001b[2m\u001b[0m\u001b[36mUnit Tests/showMessage.test.js\u001b[39m\u001b[0m\u001b[2m:16:9)\u001b[22m\u001b[2m\u001b[22m\n"
    },
    {
      "leaks": false,
      "numFailingTests": 0,
      "numPassingTests": 4,
      "numPendingTests": 0,
      "numTodoTests": 0,
      "openHandles": [],
      "perfStats": {
        "end": 1752428718031,
        "runtime": 220,
        "slow": false,
        "start": 1752428717811
      },
      "skipped": false,
      "snapshot": {
        "added": 0,
        "fileDeleted": false,
        "matched": 0,
        "unchecked": 0,
        "uncheckedKeys": [],
        "unmatched": 0,
        "updated": 0
      },
      "testFilePath": "/Users/la/Desktop/CleanCity/Unit Tests/validateFeedbackForm.test.js",
      "testResults": [
        {
          "ancestorTitles": [
            "validateFeedbackForm"
          ],
          "duration": 0,
          "failureDetails": [],
          "failureMessages": [],
          "fullName": "validateFeedbackForm should return an error if requestId is empty",
          "invocations": 1,
          "location": null,
          "numPassingAsserts": 0,
          "status": "passed",
          "title": "should return an error if requestId is empty"
        },
        {
          "ancestorTitles": [
            "validateFeedbackForm"
          ],
          "duration": 3,
          "failureDetails": [],
          "failureMessages": [],
          "fullName": "validateFeedbackForm should return an error if reason is not selected",
          "invocations": 1,
          "location": null,
          "numPassingAsserts": 0,
          "status": "passed",
          "title": "should return an error if reason is not selected"
        },
        {
          "ancestorTitles": [
            "validateFeedbackForm"
          ],
          "duration": 0,
          "failureDetails": [],
          "failureMessages": [],
          "fullName": "validateFeedbackForm should not return any errors for valid input",
          "invocations": 1,
          "location": null,
          "numPassingAsserts": 0,
          "status": "passed",
          "title": "should not return any errors for valid input"
        },
        {
          "ancestorTitles": [
            "validateFeedbackForm"
          ],
          "duration": 3,
          "failureDetails": [],
          "failureMessages": [],
          "fullName": "validateFeedbackForm should not validate comments, but should be present for proper feedback tracking",
          "invocations": 1,
          "location": null,
          "numPassingAsserts": 0,
          "status": "passed",
          "title": "should not validate comments, but should be present for proper feedback tracking"
        }
      ],
      "failureMessage": null
    },
    {
      "leaks": false,
      "numFailingTests": 0,
      "numPassingTests": 2,
      "numPendingTests": 0,
      "numTodoTests": 0,
      "openHandles": [],
      "perfStats": {
        "end": 1752428718298,
        "runtime": 161,
        "slow": false,
        "start": 1752428718137
      },
      "skipped": false,
      "snapshot": {
        "added": 0,
        "fileDeleted": false,
        "matched": 0,
        "unchecked": 0,
        "uncheckedKeys": [],
        "unmatched": 0,
        "updated": 0
      },
      "testFilePath": "/Users/la/Desktop/CleanCity/Unit Tests/logout.test.js",
      "testResults": [
        {
          "ancestorTitles": [
            "logout)"
          ],
          "duration": 1,
          "failureDetails": [],
          "failureMessages": [],
          "fullName": "logout) should call dataService.logout",
          "invocations": 1,
          "location": null,
          "numPassingAsserts": 0,
          "status": "passed",
          "title": "should call dataService.logout"
        },
        {
          "ancestorTitles": [
            "logout)"
          ],
          "duration": 26,
          "failureDetails": [],
          "failureMessages": [],
          "fullName": "logout) should navigate to home page",
          "invocations": 1,
          "location": null,
          "numPassingAsserts": 0,
          "status": "passed",
          "title": "should navigate to home page"
        }
      ],
      "failureMessage": null
    },
    {
      "leaks": false,
      "numFailingTests": 3,
      "numPassingTests": 0,
      "numPendingTests": 0,
      "numTodoTests": 0,
      "openHandles": [],
      "perfStats": {
        "end": 1752428718663,
        "runtime": 216,
        "slow": false,
        "start": 1752428718447
      },
      "skipped": false,
      "snapshot": {
        "added": 0,
        "fileDeleted": false,
        "matched": 0,
        "unchecked": 0,
        "uncheckedKeys": [],
        "unmatched": 0,
        "updated": 0
      },
      "testFilePath": "/Users/la/Desktop/CleanCity/Unit Tests/displayPickupErrors.test.js",
      "testResults": [
        {
          "ancestorTitles": [
            "displayPickupErrors"
          ],
          "duration": 0,
          "failureDetails": [
            {}
          ],
          "failureMessages": [
            "ReferenceError: document is not defined\n    at Object.<anonymous> (/Users/la/Desktop/CleanCity/Unit Tests/displayPickupErrors.test.js:5:9)\n    at Promise.then.completed (/Users/la/Desktop/CleanCity/node_modules/jest-circus/build/utils.js:391:28)\n    at new Promise (<anonymous>)\n    at callAsyncCircusFn (/Users/la/Desktop/CleanCity/node_modules/jest-circus/build/utils.js:316:10)\n    at _callCircusTest (/Users/la/Desktop/CleanCity/node_modules/jest-circus/build/run.js:218:40)\n    at _runTest (/Users/la/Desktop/CleanCity/node_modules/jest-circus/build/run.js:155:3)\n    at _runTestsForDescribeBlock (/Users/la/Desktop/CleanCity/node_modules/jest-circus/build/run.js:66:9)\n    at _runTestsForDescribeBlock (/Users/la/Desktop/CleanCity/node_modules/jest-circus/build/run.js:60:9)\n    at run (/Users/la/Desktop/CleanCity/node_modules/jest-circus/build/run.js:25:3)\n    at runAndTransformResultsToJestFormat (/Users/la/Desktop/CleanCity/node_modules/jest-circus/build/legacy-code-todo-rewrite/jestAdapterInit.js:170:21)"
          ],
          "fullName": "displayPickupErrors should clear previous error messages",
          "invocations": 1,
          "location": null,
          "numPassingAsserts": 0,
          "status": "failed",
          "title": "should clear previous error messages"
        },
        {
          "ancestorTitles": [
            "displayPickupErrors"
          ],
          "duration": 1,
          "failureDetails": [
            {}
          ],
          "failureMessages": [
            "ReferenceError: document is not defined\n    at Object.<anonymous> (/Users/la/Desktop/CleanCity/Unit Tests/displayPickupErrors.test.js:20:9)\n    at Promise.then.completed (/Users/la/Desktop/CleanCity/node_modules/jest-circus/build/utils.js:391:28)\n    at new Promise (<anonymous>)\n    at callAsyncCircusFn (/Users/la/Desktop/CleanCity/node_modules/jest-circus/build/utils.js:316:10)\n    at _callCircusTest (/Users/la/Desktop/CleanCity/node_modules/jest-circus/build/run.js:218:40)\n    at _runTest (/Users/la/Desktop/CleanCity/node_modules/jest-circus/build/run.js:155:3)\n    at _runTestsForDescribeBlock (/Users/la/Desktop/CleanCity/node_modules/jest-circus/build/run.js:66:9)\n    at _runTestsForDescribeBlock (/Users/la/Desktop/CleanCity/node_modules/jest-circus/build/run.js:60:9)\n    at run (/Users/la/Desktop/CleanCity/node_modules/jest-circus/build/run.js:25:3)\n    at runAndTransformResultsToJestFormat (/Users/la/Desktop/CleanCity/node_modules/jest-circus/build/legacy-code-todo-rewrite/jestAdapterInit.js:170:21)"
          ],
          "fullName": "displayPickupErrors should display location error",
          "invocations": 1,
          "location": null,
          "numPassingAsserts": 0,
          "status": "failed",
          "title": "should display location error"
        },
        {
          "ancestorTitles": [
            "displayPickupErrors"
          ],
          "duration": 0,
          "failureDetails": [
            {}
          ],
          "failureMessages": [
            "ReferenceError: document is not defined\n    at Object.<anonymous> (/Users/la/Desktop/CleanCity/Unit Tests/displayPickupErrors.test.js:31:9)\n    at Promise.then.completed (/Users/la/Desktop/CleanCity/node_modules/jest-circus/build/utils.js:391:28)\n    at new Promise (<anonymous>)\n    at callAsyncCircusFn (/Users/la/Desktop/CleanCity/node_modules/jest-circus/build/utils.js:316:10)\n    at _callCircusTest (/Users/la/Desktop/CleanCity/node_modules/jest-circus/build/run.js:218:40)\n    at _runTest (/Users/la/Desktop/CleanCity/node_modules/jest-circus/build/run.js:155:3)\n    at _runTestsForDescribeBlock (/Users/la/Desktop/CleanCity/node_modules/jest-circus/build/run.js:66:9)\n    at _runTestsForDescribeBlock (/Users/la/Desktop/CleanCity/node_modules/jest-circus/build/run.js:60:9)\n    at run (/Users/la/Desktop/CleanCity/node_modules/jest-circus/build/run.js:25:3)\n    at runAndTransformResultsToJestFormat (/Users/la/Desktop/CleanCity/node_modules/jest-circus/build/legacy-code-todo-rewrite/jestAdapterInit.js:170:21)"
          ],
          "fullName": "displayPickupErrors should display fullName error",
          "invocations": 1,
          "location": null,
          "numPassingAsserts": 0,
          "status": "failed",
          "title": "should display fullName error"
        }
      ],
      "failureMessage": "\u001b[1m\u001b[31m  \u001b[1m● \u001b[22m\u001b[1mdisplayPickupErrors › should clear previous error messages\u001b[39m\u001b[22m\n\n    \u001b[1m\u001b[31mThe error below may be caused by using the wrong test environment, see \u001b[2m\u001b[4mhttps://jestjs.io/docs/configuration#testenvironment-string\u001b[24m\u001b[22m\u001b[1m.\u001b[39m\u001b[22m\n    \u001b[1m\u001b[31mConsider using the \"jsdom\" test environment.\u001b[39m\u001b[22m\n    \u001b[1m\u001b[31m\u001b[39m\u001b[22m\n    \u001b[1m\u001b[31m\u001b[39m\u001b[22mReferenceError: document is not defined\n\u001b[2m\u001b[22m\n\u001b[2m    \u001b[0m \u001b[90m 3 |\u001b[39m describe(\u001b[32m'displayPickupErrors'\u001b[39m\u001b[33m,\u001b[39m () \u001b[33m=>\u001b[39m {\u001b[22m\n\u001b[2m     \u001b[90m 4 |\u001b[39m     test(\u001b[32m'should clear previous error messages'\u001b[39m\u001b[33m,\u001b[39m () \u001b[33m=>\u001b[39m {\u001b[22m\n\u001b[2m    \u001b[31m\u001b[1m>\u001b[22m\u001b[2m\u001b[39m\u001b[90m 5 |\u001b[39m         document\u001b[33m.\u001b[39mbody\u001b[33m.\u001b[39minnerHTML \u001b[33m=\u001b[39m \u001b[32m`\u001b[39m\u001b[22m\n\u001b[2m     \u001b[90m   |\u001b[39m         \u001b[31m\u001b[1m^\u001b[22m\u001b[2m\u001b[39m\u001b[22m\n\u001b[2m     \u001b[90m 6 |\u001b[39m \u001b[32m            <div class=\"error-message\" id=\"name-error\">Previous Name Error</div>\u001b[39m\u001b[22m\n\u001b[2m     \u001b[90m 7 |\u001b[39m \u001b[32m            <div class=\"error-message\" id=\"location-error\">Previous Location Error</div>\u001b[39m\u001b[22m\n\u001b[2m     \u001b[90m 8 |\u001b[39m \u001b[32m            <div class=\"error-message\" id=\"waste-error\">Previous Waste Type Error</div>\u001b[39m\u001b[0m\u001b[22m\n\u001b[2m\u001b[22m\n\u001b[2m      \u001b[2mat Object.<anonymous> (\u001b[22m\u001b[2m\u001b[0m\u001b[36mUnit Tests/displayPickupErrors.test.js\u001b[39m\u001b[0m\u001b[2m:5:9)\u001b[22m\u001b[2m\u001b[22m\n\n\u001b[1m\u001b[31m  \u001b[1m● \u001b[22m\u001b[1mdisplayPickupErrors › should display location error\u001b[39m\u001b[22m\n\n    \u001b[1m\u001b[31mThe error below may be caused by using the wrong test environment, see \u001b[2m\u001b[4mhttps://jestjs.io/docs/configuration#testenvironment-string\u001b[24m\u001b[22m\u001b[1m.\u001b[39m\u001b[22m\n    \u001b[1m\u001b[31mConsider using the \"jsdom\" test environment.\u001b[39m\u001b[22m\n    \u001b[1m\u001b[31m\u001b[39m\u001b[22m\n    \u001b[1m\u001b[31m\u001b[39m\u001b[22mReferenceError: document is not defined\n\u001b[2m\u001b[22m\n\u001b[2m    \u001b[0m \u001b[90m 18 |\u001b[39m     \u001b[22m\n\u001b[2m     \u001b[90m 19 |\u001b[39m     test(\u001b[32m'should display location error'\u001b[39m\u001b[33m,\u001b[39m () \u001b[33m=>\u001b[39m {\u001b[22m\n\u001b[2m    \u001b[31m\u001b[1m>\u001b[22m\u001b[2m\u001b[39m\u001b[90m 20 |\u001b[39m         document\u001b[33m.\u001b[39mbody\u001b[33m.\u001b[39minnerHTML \u001b[33m=\u001b[39m \u001b[32m`\u001b[39m\u001b[22m\n\u001b[2m     \u001b[90m    |\u001b[39m         \u001b[31m\u001b[1m^\u001b[22m\u001b[2m\u001b[39m\u001b[22m\n\u001b[2m     \u001b[90m 21 |\u001b[39m \u001b[32m            <div class=\"error-message\" id=\"location-error\"></div>\u001b[39m\u001b[22m\n\u001b[2m     \u001b[90m 22 |\u001b[39m \u001b[32m        `\u001b[39m\u001b[33m;\u001b[39m\u001b[22m\n\u001b[2m     \u001b[90m 23 |\u001b[39m         \u001b[0m\u001b[22m\n\u001b[2m\u001b[22m\n\u001b[2m      \u001b[2mat Object.<anonymous> (\u001b[22m\u001b[2m\u001b[0m\u001b[36mUnit Tests/displayPickupErrors.test.js\u001b[39m\u001b[0m\u001b[2m:20:9)\u001b[22m\u001b[2m\u001b[22m\n\n\u001b[1m\u001b[31m  \u001b[1m● \u001b[22m\u001b[1mdisplayPickupErrors › should display fullName error\u001b[39m\u001b[22m\n\n    \u001b[1m\u001b[31mThe error below may be caused by using the wrong test environment, see \u001b[2m\u001b[4mhttps://jestjs.io/docs/configuration#testenvironment-string\u001b[24m\u001b[22m\u001b[1m.\u001b[39m\u001b[22m\n    \u001b[1m\u001b[31mConsider using the \"jsdom\" test environment.\u001b[39m\u001b[22m\n    \u001b[1m\u001b[31m\u001b[39m\u001b[22m\n    \u001b[1m\u001b[31m\u001b[39m\u001b[22mReferenceError: document is not defined\n\u001b[2m\u001b[22m\n\u001b[2m    \u001b[0m \u001b[90m 29 |\u001b[39m\u001b[22m\n\u001b[2m     \u001b[90m 30 |\u001b[39m     test(\u001b[32m'should display fullName error'\u001b[39m\u001b[33m,\u001b[39m () \u001b[33m=>\u001b[39m {\u001b[22m\n\u001b[2m    \u001b[31m\u001b[1m>\u001b[22m\u001b[2m\u001b[39m\u001b[90m 31 |\u001b[39m         document\u001b[33m.\u001b[39mbody\u001b[33m.\u001b[39minnerHTML \u001b[33m=\u001b[39m \u001b[32m`\u001b[39m\u001b[22m\n\u001b[2m     \u001b[90m    |\u001b[39m         \u001b[31m\u001b[1m^\u001b[22m\u001b[2m\u001b[39m\u001b[22m\n\u001b[2m     \u001b[90m 32 |\u001b[39m \u001b[32m            <div class=\"error-message\" id=\"name-error\"></div>\u001b[39m\u001b[22m\n\u001b[2m     \u001b[90m 33 |\u001b[39m \u001b[32m        `\u001b[39m\u001b[33m;\u001b[39m\u001b[22m\n\u001b[2m     \u001b[90m 34 |\u001b[39m         \u001b[0m\u001b[22m\n\u001b[2m\u001b[22m\n\u001b[2m      \u001b[2mat Object.<anonymous> (\u001b[22m\u001b[2m\u001b[0m\u001b[36mUnit Tests/displayPickupErrors.test.js\u001b[39m\u001b[0m\u001b[2m:31:9)\u001b[22m\u001b[2m\u001b[22m\n"
    },
    {
      "leaks": false,
      "numFailingTests": 0,
      "numPassingTests": 5,
      "numPendingTests": 0,
      "numTodoTests": 0,
      "openHandles": [],
      "perfStats": {
        "end": 1752428718929,
        "runtime": 162,
        "slow": false,
        "start": 1752428718767
      },
      "skipped": false,
      "snapshot": {
        "added": 0,
        "fileDeleted": false,
        "matched": 0,
        "unchecked": 0,
        "uncheckedKeys": [],
        "unmatched": 0,
        "updated": 0
      },
      "testFilePath": "/Users/la/Desktop/CleanCity/Unit Tests/loadAdminData.test.js",
      "testResults": [
        {
          "ancestorTitles": [
            "loadAdminData"
          ],
          "duration": 1,
          "failureDetails": [],
          "failureMessages": [],
          "fullName": "loadAdminData should load admin data and call necessary functions",
          "invocations": 1,
          "location": null,
          "numPassingAsserts": 0,
          "status": "passed",
          "title": "should load admin data and call necessary functions"
        },
        {
          "ancestorTitles": [
            "loadAdminData"
          ],
          "duration": 2,
          "failureDetails": [],
          "failureMessages": [],
          "fullName": "loadAdminData should handle empty requests",
          "invocations": 1,
          "location": null,
          "numPassingAsserts": 0,
          "status": "passed",
          "title": "should handle empty requests"
        },
        {
          "ancestorTitles": [
            "loadAdminData"
          ],
          "duration": 1,
          "failureDetails": [],
          "failureMessages": [],
          "fullName": "loadAdminData should handle null requests",
          "invocations": 1,
          "location": null,
          "numPassingAsserts": 0,
          "status": "passed",
          "title": "should handle null requests"
        },
        {
          "ancestorTitles": [
            "loadAdminData"
          ],
          "duration": 1,
          "failureDetails": [],
          "failureMessages": [],
          "fullName": "loadAdminData should handle undefined requests",
          "invocations": 1,
          "location": null,
          "numPassingAsserts": 0,
          "status": "passed",
          "title": "should handle undefined requests"
        },
        {
          "ancestorTitles": [
            "loadAdminData"
          ],
          "duration": 0,
          "failureDetails": [],
          "failureMessages": [],
          "fullName": "loadAdminData should not call setupAdminControls if requests are empty",
          "invocations": 1,
          "location": null,
          "numPassingAsserts": 0,
          "status": "passed",
          "title": "should not call setupAdminControls if requests are empty"
        }
      ],
      "failureMessage": null
    }
  ],
  "wasInterrupted": false
}